This is pdfeTeX, Version 3.141592-1.21a-2.2 (Web2C 7.5.4) (format=pdflatex 2012.8.28)  8 JAN 2013 00:17
entering extended mode
**refman
(./refman.tex
LaTeX2e <2003/12/01>
Babel <v3.8d> and hyphenation patterns for american, french, german, ngerman, b
ahasa, basque, bulgarian, catalan, croatian, czech, danish, dutch, esperanto, e
stonian, finnish, greek, icelandic, irish, italian, latin, magyar, norsk, polis
h, portuges, romanian, russian, serbian, slovak, slovene, spanish, swedish, tur
kish, ukrainian, nohyphenation, loaded.
(/usr/share/texmf/tex/latex/base/book.cls
Document Class: book 2004/02/16 v1.4f Standard LaTeX document class
(/usr/share/texmf/tex/latex/base/bk10.clo
File: bk10.clo 2004/02/16 v1.4f Standard LaTeX file (size option)
)
\c@part=\count79
\c@chapter=\count80
\c@section=\count81
\c@subsection=\count82
\c@subsubsection=\count83
\c@paragraph=\count84
\c@subparagraph=\count85
\c@figure=\count86
\c@table=\count87
\abovecaptionskip=\skip41
\belowcaptionskip=\skip42
\bibindent=\dimen102
)
(/usr/share/texmf/tex/latex/geometry/geometry.sty
Package: geometry 2002/07/08 v3.2 Page Geometry

(/usr/share/texmf/tex/latex/graphics/keyval.sty
Package: keyval 1999/03/16 v1.13 key=value parser (DPC)
\KV@toks@=\toks14
)
\Gm@cnth=\count88
\Gm@cntv=\count89
\c@Gm@tempcnt=\count90
\Gm@bindingoffset=\dimen103
\Gm@wd@mp=\dimen104
\Gm@odd@mp=\dimen105
\Gm@even@mp=\dimen106
\Gm@dimlist=\toks15

(/usr/share/texmf/tex/latex/geometry/geometry.cfg))
(/usr/share/texmf/tex/latex/base/makeidx.sty
Package: makeidx 2000/03/29 v1.0m Standard LaTeX package
)
(/usr/share/texmf/tex/latex/natbib/natbib.sty
Package: natbib 2003/06/06 7.1 (PWD)
\bibhang=\skip43
\bibsep=\skip44
LaTeX Info: Redefining \cite on input line 518.
\c@NAT@ctr=\count91
)
(/usr/share/texmf/tex/latex/graphics/graphicx.sty
Package: graphicx 1999/02/16 v1.0f Enhanced LaTeX Graphics (DPC,SPQR)

(/usr/share/texmf/tex/latex/graphics/graphics.sty
Package: graphics 2001/07/07 v1.0n Standard LaTeX Graphics (DPC,SPQR)

(/usr/share/texmf/tex/latex/graphics/trig.sty
Package: trig 1999/03/16 v1.09 sin cos tan (DPC)
)
(/usr/share/texmf/tex/latex/graphics/graphics.cfg
File: graphics.cfg 2005/02/03 v1.3 graphics configuration of teTeX/TeXLive
)
Package graphics Info: Driver file: pdftex.def on input line 80.

(/usr/share/texmf/tex/latex/graphics/pdftex.def
File: pdftex.def 2002/06/19 v0.03k graphics/color for pdftex
\Gread@gobject=\count92
))
\Gin@req@height=\dimen107
\Gin@req@width=\dimen108
)
(/usr/share/texmf/tex/latex/tools/multicol.sty
Package: multicol 2004/02/14 v1.6e multicolumn formatting (FMi)
\c@tracingmulticols=\count93
\mult@box=\box26
\multicol@leftmargin=\dimen109
\c@unbalance=\count94
\c@collectmore=\count95
\doublecol@number=\count96
\multicoltolerance=\count97
\multicolpretolerance=\count98
\full@width=\dimen110
\page@free=\dimen111
\premulticols=\dimen112
\postmulticols=\dimen113
\multicolsep=\skip45
\multicolbaselineskip=\skip46
\partial@page=\box27
\last@line=\box28
\mult@rightbox=\box29
\mult@grightbox=\box30
\mult@gfirstbox=\box31
\mult@firstbox=\box32
\@tempa=\box33
\@tempa=\box34
\@tempa=\box35
\@tempa=\box36
\@tempa=\box37
\@tempa=\box38
\@tempa=\box39
\@tempa=\box40
\@tempa=\box41
\@tempa=\box42
\@tempa=\box43
\@tempa=\box44
\@tempa=\box45
\@tempa=\box46
\@tempa=\box47
\@tempa=\box48
\@tempa=\box49
\c@columnbadness=\count99
\c@finalcolumnbadness=\count100
\last@try=\dimen114
\multicolovershoot=\dimen115
\multicolundershoot=\dimen116
\mult@nat@firstbox=\box50
\colbreak@box=\box51
)
(/usr/share/texmf/tex/latex/float/float.sty
Package: float 2001/11/08 v1.3d Float enhancements (AL)
\c@float@type=\count101
\float@exts=\toks16
\float@box=\box52
\@float@everytoks=\toks17
\@floatcapt=\box53
)
(/usr/share/texmf/tex/latex/listings/listings.sty
\lst@mode=\count102
\lst@gtempboxa=\box54
\lst@token=\toks18
\lst@length=\count103
\lst@currlwidth=\dimen117
\lst@column=\count104
\lst@pos=\count105
\lst@lostspace=\dimen118
\lst@width=\dimen119
\lst@newlines=\count106
\lst@lineno=\count107
\c@lstlisting=\count108
\lst@maxwidth=\dimen120

(/usr/share/texmf/tex/latex/listings/lstpatch.sty
File: lstpatch.sty 2004/10/17 1.3b (Carsten Heinz)
)
(/usr/share/texmf/tex/latex/listings/lstmisc.sty
File: lstmisc.sty 2004/09/07 1.3 (Carsten Heinz)
\c@lstnumber=\count109
\lst@skipnumbers=\count110
\lst@framebox=\box55
)
(/usr/share/texmf/tex/latex/listings/listings.cfg
File: listings.cfg 2004/09/05 1.3 listings configuration
))
Package: listings 2004/10/17 1.3b (Carsten Heinz)

(/usr/share/texmf/tex/latex/graphics/color.sty
Package: color 1999/02/16 v1.0i Standard LaTeX Color (DPC)

(/usr/share/texmf/tex/latex/graphics/color.cfg
File: color.cfg 2005/02/03 v1.3 color configuration of teTeX/TeXLive
)
Package color Info: Driver file: pdftex.def on input line 125.
)
(/usr/share/texmf/tex/latex/base/ifthen.sty
Package: ifthen 2001/05/26 v1.1c Standard LaTeX ifthen package (DPC)
)
(/usr/share/texmf/tex/latex/xcolor/xcolor.sty
Package: xcolor 2004/07/04 v2.00 LaTeX color extensions (UK)

(/usr/share/texmf/tex/latex/graphics/color.cfg
File: color.cfg 2005/02/03 v1.3 color configuration of teTeX/TeXLive
)
Package xcolor Info: Driver file: pdftex.def on input line 136.

(/usr/share/texmf/tex/latex/carlisle/colortbl.sty
Package: colortbl 2001/02/13 v0.1j Color table columns (DPC)

(/usr/share/texmf/tex/latex/tools/array.sty
Package: array 2003/12/17 v2.4a Tabular extension package (FMi)
\col@sep=\dimen121
\extrarowheight=\dimen122
\NC@list=\toks19
\extratabsurround=\skip47
\backup@length=\skip48
)
\everycr=\toks20
\minrowclearance=\skip49
)
LaTeX Info: Redefining \color on input line 494.
Package xcolor Info: Color model `cmy' added on input line 972.
Package xcolor Info: Color model `hsb' added on input line 980.
Package xcolor Info: Color model `HTML' added on input line 1000.
Package xcolor Info: Color model `HSB' added on input line 1006.
Package xcolor Info: Color model `Gray' added on input line 1012.
)
(/usr/share/texmf/tex/latex/base/textcomp.sty
Package: textcomp 2004/02/22 v1.99f Standard LaTeX package
Package textcomp Info: Sub-encoding information:
(textcomp)               5 = only ISO-Adobe without \textcurrency
(textcomp)               4 = 5 + \texteuro
(textcomp)               3 = 4 + \textohm
(textcomp)               2 = 3 + \textestimated + \textcurrency
(textcomp)               1 = TS1 - \textcircled - \t
(textcomp)               0 = TS1 (full)
(textcomp)             Font families with sub-encoding setting implement
(textcomp)             only a restricted character set as indicated.
(textcomp)             Family '?' is the default used for unknown fonts.
(textcomp)             See the documentation for details.
Package textcomp Info: Setting ? sub-encoding to TS1/1 on input line 71.

(/usr/share/texmf/tex/latex/base/ts1enc.def
File: ts1enc.def 2001/06/05 v3.0e (jk/car/fm) Standard LaTeX file
)
LaTeX Info: Redefining \oldstylenums on input line 266.
Package textcomp Info: Setting cmr sub-encoding to TS1/0 on input line 281.
Package textcomp Info: Setting cmss sub-encoding to TS1/0 on input line 282.
Package textcomp Info: Setting cmtt sub-encoding to TS1/0 on input line 283.
Package textcomp Info: Setting cmvtt sub-encoding to TS1/0 on input line 284.
Package textcomp Info: Setting cmbr sub-encoding to TS1/0 on input line 285.
Package textcomp Info: Setting cmtl sub-encoding to TS1/0 on input line 286.
Package textcomp Info: Setting ccr sub-encoding to TS1/0 on input line 287.
Package textcomp Info: Setting ptm sub-encoding to TS1/4 on input line 288.
Package textcomp Info: Setting pcr sub-encoding to TS1/4 on input line 289.
Package textcomp Info: Setting phv sub-encoding to TS1/4 on input line 290.
Package textcomp Info: Setting ppl sub-encoding to TS1/3 on input line 291.
Package textcomp Info: Setting pag sub-encoding to TS1/4 on input line 292.
Package textcomp Info: Setting pbk sub-encoding to TS1/4 on input line 293.
Package textcomp Info: Setting pnc sub-encoding to TS1/4 on input line 294.
Package textcomp Info: Setting pzc sub-encoding to TS1/4 on input line 295.
Package textcomp Info: Setting bch sub-encoding to TS1/4 on input line 296.
Package textcomp Info: Setting put sub-encoding to TS1/5 on input line 297.
Package textcomp Info: Setting uag sub-encoding to TS1/5 on input line 298.
Package textcomp Info: Setting ugq sub-encoding to TS1/5 on input line 299.
Package textcomp Info: Setting ul8 sub-encoding to TS1/4 on input line 300.
Package textcomp Info: Setting ul9 sub-encoding to TS1/4 on input line 301.
Package textcomp Info: Setting augie sub-encoding to TS1/5 on input line 302.
Package textcomp Info: Setting dayrom sub-encoding to TS1/3 on input line 303.
Package textcomp Info: Setting dayroms sub-encoding to TS1/3 on input line 304.

Package textcomp Info: Setting pxr sub-encoding to TS1/0 on input line 305.
Package textcomp Info: Setting pxss sub-encoding to TS1/0 on input line 306.
Package textcomp Info: Setting pxtt sub-encoding to TS1/0 on input line 307.
Package textcomp Info: Setting txr sub-encoding to TS1/0 on input line 308.
Package textcomp Info: Setting txss sub-encoding to TS1/0 on input line 309.
Package textcomp Info: Setting txtt sub-encoding to TS1/0 on input line 310.
Package textcomp Info: Setting futs sub-encoding to TS1/4 on input line 311.
Package textcomp Info: Setting futx sub-encoding to TS1/4 on input line 312.
Package textcomp Info: Setting futj sub-encoding to TS1/4 on input line 313.
Package textcomp Info: Setting hlh sub-encoding to TS1/3 on input line 314.
Package textcomp Info: Setting hls sub-encoding to TS1/3 on input line 315.
Package textcomp Info: Setting hlst sub-encoding to TS1/3 on input line 316.
Package textcomp Info: Setting hlct sub-encoding to TS1/5 on input line 317.
Package textcomp Info: Setting hlx sub-encoding to TS1/5 on input line 318.
Package textcomp Info: Setting hlce sub-encoding to TS1/5 on input line 319.
Package textcomp Info: Setting hlcn sub-encoding to TS1/5 on input line 320.
Package textcomp Info: Setting hlcw sub-encoding to TS1/5 on input line 321.
Package textcomp Info: Setting hlcf sub-encoding to TS1/5 on input line 322.
Package textcomp Info: Setting pplx sub-encoding to TS1/3 on input line 323.
Package textcomp Info: Setting pplj sub-encoding to TS1/3 on input line 324.
Package textcomp Info: Setting ptmx sub-encoding to TS1/4 on input line 325.
Package textcomp Info: Setting ptmj sub-encoding to TS1/4 on input line 326.
)
(/usr/share/texmf/tex/latex/base/alltt.sty
Package: alltt 1997/06/16 v2.0g defines alltt environment
)
(/usr/share/texmf/tex/latex/oberdiek/ifpdf.sty
Package: ifpdf 2001/06/14 v1.0 Providing \ifpdf (HO)
Package ifpdf Info: pdfTeX in pdf mode detected on input line 140.
)
(/usr/share/texmf/tex/latex/hyperref/hyperref.sty
Package: hyperref 2003/11/30 v6.74m Hypertext links for LaTeX
\@linkdim=\dimen123
\Hy@linkcounter=\count111
\Hy@pagecounter=\count112

(/usr/share/texmf/tex/latex/hyperref/pd1enc.def
File: pd1enc.def 2003/11/30 v6.74m Hyperref: PDFDocEncoding definition (HO)
)
(/usr/share/texmf/tex/latex/hyperref/hyperref.cfg
File: hyperref.cfg 2002/06/06 v1.2 hyperref configuration of TeXLive and teTeX
)
Package hyperref Info: Option `colorlinks' set `true' on input line 1830.
Package hyperref Info: Option `unicode' set `true' on input line 1830.

(/usr/share/texmf/tex/latex/hyperref/puenc.def
File: puenc.def 2003/11/30 v6.74m Hyperref: PDF Unicode definition (HO)
)
Package hyperref Info: Hyper figures OFF on input line 1880.
Package hyperref Info: Link nesting OFF on input line 1885.
Package hyperref Info: Hyper index ON on input line 1888.
Package hyperref Info: Plain pages ON on input line 1893.
Package hyperref Info: Backreferencing ON on input line 1898.

Implicit mode ON; LaTeX internals redefined
Package hyperref Info: Bookmarks ON on input line 2004.
(/usr/share/texmf/tex/latex/hyperref/backref.sty
Package: backref 2003/03/20 v1.23 Bibliographical back referencing
)
(/usr/share/texmf/tex/latex/url/url.sty
\Urlmuskip=\muskip10
Package: url 2004/03/15  ver 3.1  Verb mode for urls, etc.
)
LaTeX Info: Redefining \url on input line 2143.
\Fld@menulength=\count113
\Field@Width=\dimen124
\Fld@charsize=\dimen125
\Choice@toks=\toks21
\Field@toks=\toks22
Package hyperref Info: Hyper figures OFF on input line 2618.
Package hyperref Info: Link nesting OFF on input line 2623.
Package hyperref Info: Hyper index ON on input line 2626.
Package hyperref Info: backreferencing ON on input line 2631.
Package hyperref Info: Link coloring ON on input line 2636.
\c@Item=\count114
\c@Hfootnote=\count115
)
*hyperref using driver hpdftex*
(/usr/share/texmf/tex/latex/hyperref/hpdftex.def
File: hpdftex.def 2003/11/30 v6.74m Hyperref driver for pdfTeX

(/usr/share/texmf/tex/latex/psnfss/pifont.sty
Package: pifont 2004/09/15 PSNFSS-v9.2 Pi font support (SPQR) 
LaTeX Font Info:    Try loading font information for U+pzd on input line 63.

(/usr/share/texmf/tex/latex/psnfss/upzd.fd
File: upzd.fd 2001/06/04 font definitions for U/pzd.
)
LaTeX Font Info:    Try loading font information for U+psy on input line 64.

(/usr/share/texmf/tex/latex/psnfss/upsy.fd
File: upsy.fd 2001/06/04 font definitions for U/psy.
))
\Fld@listcount=\count116
\@outlinefile=\write3
)
(/usr/share/texmf/tex/latex/base/inputenc.sty
Package: inputenc 2004/02/05 v1.0d Input encoding file

(/usr/share/texmf/tex/latex/base/utf8.def
File: utf8.def 2004/02/09 v1.1b UTF-8 support for inputenc
Now handling font encoding OML ...
... no UTF-8 mapping file for font encoding OML
Now handling font encoding T1 ...
... processing UTF-8 mapping file for font encoding T1

(/usr/share/texmf/tex/latex/base/t1enc.dfu
File: t1enc.dfu 2004/02/09 v1.1b UTF-8 support for inputenc
   defining Unicode char U+00A1 (decimal 161)
   defining Unicode char U+00A3 (decimal 163)
   defining Unicode char U+00AB (decimal 171)
   defining Unicode char U+00BB (decimal 187)
   defining Unicode char U+00BF (decimal 191)
   defining Unicode char U+00C0 (decimal 192)
   defining Unicode char U+00C1 (decimal 193)
   defining Unicode char U+00C2 (decimal 194)
   defining Unicode char U+00C3 (decimal 195)
   defining Unicode char U+00C4 (decimal 196)
   defining Unicode char U+00C5 (decimal 197)
   defining Unicode char U+00C6 (decimal 198)
   defining Unicode char U+00C7 (decimal 199)
   defining Unicode char U+00C8 (decimal 200)
   defining Unicode char U+00C9 (decimal 201)
   defining Unicode char U+00CA (decimal 202)
   defining Unicode char U+00CB (decimal 203)
   defining Unicode char U+00CC (decimal 204)
   defining Unicode char U+00CD (decimal 205)
   defining Unicode char U+00CE (decimal 206)
   defining Unicode char U+00CF (decimal 207)
   defining Unicode char U+00D0 (decimal 208)
   defining Unicode char U+00D1 (decimal 209)
   defining Unicode char U+00D2 (decimal 210)
   defining Unicode char U+00D3 (decimal 211)
   defining Unicode char U+00D4 (decimal 212)
   defining Unicode char U+00D5 (decimal 213)
   defining Unicode char U+00D6 (decimal 214)
   defining Unicode char U+00D8 (decimal 216)
   defining Unicode char U+00D9 (decimal 217)
   defining Unicode char U+00DA (decimal 218)
   defining Unicode char U+00DB (decimal 219)
   defining Unicode char U+00DC (decimal 220)
   defining Unicode char U+00DD (decimal 221)
   defining Unicode char U+00DE (decimal 222)
   defining Unicode char U+00DF (decimal 223)
   defining Unicode char U+00E0 (decimal 224)
   defining Unicode char U+00E1 (decimal 225)
   defining Unicode char U+00E2 (decimal 226)
   defining Unicode char U+00E3 (decimal 227)
   defining Unicode char U+00E4 (decimal 228)
   defining Unicode char U+00E5 (decimal 229)
   defining Unicode char U+00E6 (decimal 230)
   defining Unicode char U+00E7 (decimal 231)
   defining Unicode char U+00E8 (decimal 232)
   defining Unicode char U+00E9 (decimal 233)
   defining Unicode char U+00EA (decimal 234)
   defining Unicode char U+00EB (decimal 235)
   defining Unicode char U+00EC (decimal 236)
   defining Unicode char U+00ED (decimal 237)
   defining Unicode char U+00EE (decimal 238)
   defining Unicode char U+00EF (decimal 239)
   defining Unicode char U+00F0 (decimal 240)
   defining Unicode char U+00F1 (decimal 241)
   defining Unicode char U+00F2 (decimal 242)
   defining Unicode char U+00F3 (decimal 243)
   defining Unicode char U+00F4 (decimal 244)
   defining Unicode char U+00F5 (decimal 245)
   defining Unicode char U+00F6 (decimal 246)
   defining Unicode char U+00F8 (decimal 248)
   defining Unicode char U+00F9 (decimal 249)
   defining Unicode char U+00FA (decimal 250)
   defining Unicode char U+00FB (decimal 251)
   defining Unicode char U+00FC (decimal 252)
   defining Unicode char U+00FD (decimal 253)
   defining Unicode char U+00FE (decimal 254)
   defining Unicode char U+00FF (decimal 255)
   defining Unicode char U+0102 (decimal 258)
   defining Unicode char U+0103 (decimal 259)
   defining Unicode char U+0104 (decimal 260)
   defining Unicode char U+0105 (decimal 261)
   defining Unicode char U+0106 (decimal 262)
   defining Unicode char U+0107 (decimal 263)
   defining Unicode char U+010C (decimal 268)
   defining Unicode char U+010D (decimal 269)
   defining Unicode char U+010E (decimal 270)
   defining Unicode char U+010F (decimal 271)
   defining Unicode char U+0110 (decimal 272)
   defining Unicode char U+0111 (decimal 273)
   defining Unicode char U+0118 (decimal 280)
   defining Unicode char U+0119 (decimal 281)
   defining Unicode char U+011A (decimal 282)
   defining Unicode char U+011B (decimal 283)
   defining Unicode char U+011E (decimal 286)
   defining Unicode char U+011F (decimal 287)
   defining Unicode char U+0130 (decimal 304)
   defining Unicode char U+0131 (decimal 305)
   defining Unicode char U+0139 (decimal 313)
   defining Unicode char U+013A (decimal 314)
   defining Unicode char U+013D (decimal 317)
   defining Unicode char U+013E (decimal 318)
   defining Unicode char U+0141 (decimal 321)
   defining Unicode char U+0142 (decimal 322)
   defining Unicode char U+0143 (decimal 323)
   defining Unicode char U+0144 (decimal 324)
   defining Unicode char U+0147 (decimal 327)
   defining Unicode char U+0148 (decimal 328)
   defining Unicode char U+014A (decimal 330)
   defining Unicode char U+014B (decimal 331)
   defining Unicode char U+0150 (decimal 336)
   defining Unicode char U+0151 (decimal 337)
   defining Unicode char U+0152 (decimal 338)
   defining Unicode char U+0153 (decimal 339)
   defining Unicode char U+0154 (decimal 340)
   defining Unicode char U+0155 (decimal 341)
   defining Unicode char U+0158 (decimal 344)
   defining Unicode char U+0159 (decimal 345)
   defining Unicode char U+015A (decimal 346)
   defining Unicode char U+015B (decimal 347)
   defining Unicode char U+015E (decimal 350)
   defining Unicode char U+015F (decimal 351)
   defining Unicode char U+0160 (decimal 352)
   defining Unicode char U+0161 (decimal 353)
   defining Unicode char U+0162 (decimal 354)
   defining Unicode char U+0163 (decimal 355)
   defining Unicode char U+0164 (decimal 356)
   defining Unicode char U+0165 (decimal 357)
   defining Unicode char U+016E (decimal 366)
   defining Unicode char U+016F (decimal 367)
   defining Unicode char U+0170 (decimal 368)
   defining Unicode char U+0171 (decimal 369)
   defining Unicode char U+0178 (decimal 376)
   defining Unicode char U+0179 (decimal 377)
   defining Unicode char U+017A (decimal 378)
   defining Unicode char U+017B (decimal 379)
   defining Unicode char U+017C (decimal 380)
   defining Unicode char U+017D (decimal 381)
   defining Unicode char U+017E (decimal 382)
   defining Unicode char U+200C (decimal 8204)
   defining Unicode char U+2013 (decimal 8211)
   defining Unicode char U+2014 (decimal 8212)
   defining Unicode char U+2018 (decimal 8216)
   defining Unicode char U+2019 (decimal 8217)
   defining Unicode char U+201A (decimal 8218)
   defining Unicode char U+201C (decimal 8220)
   defining Unicode char U+201D (decimal 8221)
   defining Unicode char U+201E (decimal 8222)
   defining Unicode char U+2030 (decimal 8240)
   defining Unicode char U+2031 (decimal 8241)
   defining Unicode char U+2039 (decimal 8249)
   defining Unicode char U+203A (decimal 8250)
   defining Unicode char U+2423 (decimal 9251)
)
Now handling font encoding OT1 ...
... processing UTF-8 mapping file for font encoding OT1

(/usr/share/texmf/tex/latex/base/ot1enc.dfu
File: ot1enc.dfu 2004/02/09 v1.1b UTF-8 support for inputenc
   defining Unicode char U+00A1 (decimal 161)
   defining Unicode char U+00A3 (decimal 163)
   defining Unicode char U+00B8 (decimal 184)
   defining Unicode char U+00BF (decimal 191)
   defining Unicode char U+00C5 (decimal 197)
   defining Unicode char U+00C6 (decimal 198)
   defining Unicode char U+00D8 (decimal 216)
   defining Unicode char U+00DF (decimal 223)
   defining Unicode char U+00E6 (decimal 230)
   defining Unicode char U+00EC (decimal 236)
   defining Unicode char U+00ED (decimal 237)
   defining Unicode char U+00EE (decimal 238)
   defining Unicode char U+00EF (decimal 239)
   defining Unicode char U+00F8 (decimal 248)
   defining Unicode char U+0131 (decimal 305)
   defining Unicode char U+0141 (decimal 321)
   defining Unicode char U+0142 (decimal 322)
   defining Unicode char U+0152 (decimal 338)
   defining Unicode char U+0153 (decimal 339)
   defining Unicode char U+2013 (decimal 8211)
   defining Unicode char U+2014 (decimal 8212)
   defining Unicode char U+2018 (decimal 8216)
   defining Unicode char U+2019 (decimal 8217)
   defining Unicode char U+201C (decimal 8220)
   defining Unicode char U+201D (decimal 8221)
)
Now handling font encoding OMS ...
... processing UTF-8 mapping file for font encoding OMS

(/usr/share/texmf/tex/latex/base/omsenc.dfu
File: omsenc.dfu 2004/02/09 v1.1b UTF-8 support for inputenc
   defining Unicode char U+00A7 (decimal 167)
   defining Unicode char U+00B6 (decimal 182)
   defining Unicode char U+02D9 (decimal 729)
   defining Unicode char U+2020 (decimal 8224)
   defining Unicode char U+2021 (decimal 8225)
   defining Unicode char U+2022 (decimal 8226)
)
Now handling font encoding OMX ...
... no UTF-8 mapping file for font encoding OMX
Now handling font encoding U ...
... no UTF-8 mapping file for font encoding U
Now handling font encoding TS1 ...
... processing UTF-8 mapping file for font encoding TS1

(/usr/share/texmf/tex/latex/base/ts1enc.dfu
File: ts1enc.dfu 2004/02/09 v1.1b UTF-8 support for inputenc
   defining Unicode char U+00A2 (decimal 162)
   defining Unicode char U+00A3 (decimal 163)
   defining Unicode char U+00A4 (decimal 164)
   defining Unicode char U+00A5 (decimal 165)
   defining Unicode char U+00A6 (decimal 166)
   defining Unicode char U+00A7 (decimal 167)
   defining Unicode char U+00A8 (decimal 168)
   defining Unicode char U+00A9 (decimal 169)
   defining Unicode char U+00AA (decimal 170)
   defining Unicode char U+00AC (decimal 172)
   defining Unicode char U+00AE (decimal 174)
   defining Unicode char U+00AF (decimal 175)
   defining Unicode char U+00B0 (decimal 176)
   defining Unicode char U+00B1 (decimal 177)
   defining Unicode char U+00B2 (decimal 178)
   defining Unicode char U+00B3 (decimal 179)
   defining Unicode char U+00B4 (decimal 180)
   defining Unicode char U+00B5 (decimal 181)
   defining Unicode char U+00B6 (decimal 182)
   defining Unicode char U+00B7 (decimal 183)
   defining Unicode char U+00B9 (decimal 185)
   defining Unicode char U+00BA (decimal 186)
   defining Unicode char U+00BC (decimal 188)
   defining Unicode char U+00BD (decimal 189)
   defining Unicode char U+00BE (decimal 190)
   defining Unicode char U+00D7 (decimal 215)
   defining Unicode char U+00F7 (decimal 247)
   defining Unicode char U+0192 (decimal 402)
   defining Unicode char U+02C7 (decimal 711)
   defining Unicode char U+02D8 (decimal 728)
   defining Unicode char U+02DD (decimal 733)
   defining Unicode char U+0E37 (decimal 3639)
   defining Unicode char U+2016 (decimal 8214)
   defining Unicode char U+2020 (decimal 8224)
   defining Unicode char U+2021 (decimal 8225)
   defining Unicode char U+2022 (decimal 8226)
   defining Unicode char U+2030 (decimal 8240)
   defining Unicode char U+2031 (decimal 8241)
   defining Unicode char U+203B (decimal 8251)
   defining Unicode char U+203D (decimal 8253)
   defining Unicode char U+2044 (decimal 8260)
   defining Unicode char U+204E (decimal 8270)
   defining Unicode char U+2052 (decimal 8274)
   defining Unicode char U+20A1 (decimal 8353)
   defining Unicode char U+20A4 (decimal 8356)
   defining Unicode char U+20A6 (decimal 8358)
   defining Unicode char U+20A9 (decimal 8361)
   defining Unicode char U+20AB (decimal 8363)
   defining Unicode char U+20AC (decimal 8364)
   defining Unicode char U+20B1 (decimal 8369)
   defining Unicode char U+2103 (decimal 8451)
   defining Unicode char U+2116 (decimal 8470)
   defining Unicode char U+2117 (decimal 8471)
   defining Unicode char U+211E (decimal 8478)
   defining Unicode char U+2120 (decimal 8480)
   defining Unicode char U+2122 (decimal 8482)
   defining Unicode char U+2126 (decimal 8486)
   defining Unicode char U+2127 (decimal 8487)
   defining Unicode char U+212E (decimal 8494)
   defining Unicode char U+2190 (decimal 8592)
   defining Unicode char U+2191 (decimal 8593)
   defining Unicode char U+2192 (decimal 8594)
   defining Unicode char U+2193 (decimal 8595)
   defining Unicode char U+2329 (decimal 9001)
   defining Unicode char U+232A (decimal 9002)
   defining Unicode char U+2422 (decimal 9250)
   defining Unicode char U+25E6 (decimal 9702)
   defining Unicode char U+25EF (decimal 9711)
   defining Unicode char U+266A (decimal 9834)
)
Now handling font encoding PD1 ...
... no UTF-8 mapping file for font encoding PD1
Now handling font encoding PU ...
... no UTF-8 mapping file for font encoding PU
   defining Unicode char U+00A9 (decimal 169)
   defining Unicode char U+00AA (decimal 170)
   defining Unicode char U+00AE (decimal 174)
   defining Unicode char U+00BA (decimal 186)
   defining Unicode char U+02C6 (decimal 710)
   defining Unicode char U+02CA (decimal 714)
   defining Unicode char U+200C (decimal 8204)
   defining Unicode char U+2026 (decimal 8230)
   defining Unicode char U+2122 (decimal 8482)
   defining Unicode char U+2423 (decimal 9251)
))
(/usr/share/texmf/tex/latex/psnfss/mathptmx.sty
Package: mathptmx 2004/09/15 PSNFSS-v9.2 Times w/ Math, improved (SPQR, WaS) 
LaTeX Font Info:    Redeclaring symbol font `operators' on input line 28.
LaTeX Font Info:    Overwriting symbol font `operators' in version `normal'
(Font)                  OT1/cmr/m/n --> OT1/ztmcm/m/n on input line 28.
LaTeX Font Info:    Overwriting symbol font `operators' in version `bold'
(Font)                  OT1/cmr/bx/n --> OT1/ztmcm/m/n on input line 28.
LaTeX Font Info:    Redeclaring symbol font `letters' on input line 29.
LaTeX Font Info:    Overwriting symbol font `letters' in version `normal'
(Font)                  OML/cmm/m/it --> OML/ztmcm/m/it on input line 29.
LaTeX Font Info:    Overwriting symbol font `letters' in version `bold'
(Font)                  OML/cmm/b/it --> OML/ztmcm/m/it on input line 29.
LaTeX Font Info:    Redeclaring symbol font `symbols' on input line 30.
LaTeX Font Info:    Overwriting symbol font `symbols' in version `normal'
(Font)                  OMS/cmsy/m/n --> OMS/ztmcm/m/n on input line 30.
LaTeX Font Info:    Overwriting symbol font `symbols' in version `bold'
(Font)                  OMS/cmsy/b/n --> OMS/ztmcm/m/n on input line 30.
LaTeX Font Info:    Redeclaring symbol font `largesymbols' on input line 31.
LaTeX Font Info:    Overwriting symbol font `largesymbols' in version `normal'
(Font)                  OMX/cmex/m/n --> OMX/ztmcm/m/n on input line 31.
LaTeX Font Info:    Overwriting symbol font `largesymbols' in version `bold'
(Font)                  OMX/cmex/m/n --> OMX/ztmcm/m/n on input line 31.
\symbold=\mathgroup4
\symitalic=\mathgroup5
LaTeX Font Info:    Redeclaring math alphabet \mathbf on input line 34.
LaTeX Font Info:    Overwriting math alphabet `\mathbf' in version `normal'
(Font)                  OT1/cmr/bx/n --> OT1/ptm/bx/n on input line 34.
LaTeX Font Info:    Overwriting math alphabet `\mathbf' in version `bold'
(Font)                  OT1/cmr/bx/n --> OT1/ptm/bx/n on input line 34.
LaTeX Font Info:    Redeclaring math alphabet \mathit on input line 35.
LaTeX Font Info:    Overwriting math alphabet `\mathit' in version `normal'
(Font)                  OT1/cmr/m/it --> OT1/ptm/m/it on input line 35.
LaTeX Font Info:    Overwriting math alphabet `\mathit' in version `bold'
(Font)                  OT1/cmr/bx/it --> OT1/ptm/m/it on input line 35.
LaTeX Info: Redefining \hbar on input line 50.
)
(/usr/share/texmf/tex/latex/psnfss/helvet.sty
Package: helvet 2004/09/15 PSNFSS-v9.2 (WaS) 
)
(/usr/share/texmf/tex/latex/psnfss/courier.sty
Package: courier 2004/09/15 PSNFSS-v9.2 (WaS) 
)
(/usr/share/texmf/tex/latex/sectsty/sectsty.sty
Package: sectsty 2002/02/25 v2.0.2 Commands to change all sectional heading sty
les
)
(/usr/share/texmf/tex/latex/amsfonts/amssymb.sty
Package: amssymb 2002/01/22 v2.2d

(/usr/share/texmf/tex/latex/amsfonts/amsfonts.sty
Package: amsfonts 2001/10/25 v2.2f
\@emptytoks=\toks23
\symAMSa=\mathgroup6
\symAMSb=\mathgroup7
LaTeX Font Info:    Overwriting math alphabet `\mathfrak' in version `bold'
(Font)                  U/euf/m/n --> U/euf/b/n on input line 132.
))
(/usr/share/texmf/tex/latex/tocloft/tocloft.sty
Package: tocloft 2003/09/26 v2.3c parameterised ToC, etc., typesetting


Package tocloft Note: The document has chapter divisions.

\cftparskip=\skip50
\cftbeforetoctitleskip=\skip51
\cftaftertoctitleskip=\skip52
\cftbeforepartskip=\skip53
\cftpartnumwidth=\skip54
\cftpartindent=\skip55
\cftbeforechapskip=\skip56
\cftchapindent=\skip57
\cftchapnumwidth=\skip58
\cftbeforesecskip=\skip59
\cftsecindent=\skip60
\cftsecnumwidth=\skip61
\cftbeforesubsecskip=\skip62
\cftsubsecindent=\skip63
\cftsubsecnumwidth=\skip64
\cftbeforesubsubsecskip=\skip65
\cftsubsubsecindent=\skip66
\cftsubsubsecnumwidth=\skip67
\cftbeforeparaskip=\skip68
\cftparaindent=\skip69
\cftparanumwidth=\skip70
\cftbeforesubparaskip=\skip71
\cftsubparaindent=\skip72
\cftsubparanumwidth=\skip73
\cftbeforeloftitleskip=\skip74
\cftafterloftitleskip=\skip75
\cftbeforefigskip=\skip76
\cftfigindent=\skip77
\cftfignumwidth=\skip78
\c@lofdepth=\count117
\c@lotdepth=\count118
\cftbeforelottitleskip=\skip79
\cftafterlottitleskip=\skip80
\cftbeforetabskip=\skip81
\cfttabindent=\skip82
\cfttabnumwidth=\skip83
) (./doxygen.sty
Package: doxygen 
 (/usr/share/texmf/tex/latex/tools/calc.sty
Package: calc 1998/07/07 v4.1b Infix arithmetic (KKT,FJ)
\calc@Acount=\count119
\calc@Bcount=\count120
\calc@Adimen=\dimen126
\calc@Bdimen=\dimen127
\calc@Askip=\skip84
\calc@Bskip=\skip85
LaTeX Info: Redefining \setlength on input line 59.
LaTeX Info: Redefining \addtolength on input line 60.
\calc@denominator=\count121
)
(/usr/share/texmf/tex/latex/fancyhdr/fancyhdr.sty
\fancy@headwidth=\skip86
\f@ncyO@elh=\skip87
\f@ncyO@erh=\skip88
\f@ncyO@olh=\skip89
\f@ncyO@orh=\skip90
\f@ncyO@elf=\skip91
\f@ncyO@erf=\skip92
\f@ncyO@olf=\skip93
\f@ncyO@orf=\skip94
)
(/usr/share/texmf/tex/latex/tools/longtable.sty
Package: longtable 2004/02/01 v4.11 Multi-page Table package (DPC)
\LTleft=\skip95
\LTright=\skip96
\LTpre=\skip97
\LTpost=\skip98
\LTchunksize=\count122
\LTcapwidth=\dimen128
\LT@head=\box56
\LT@firsthead=\box57
\LT@foot=\box58
\LT@lastfoot=\box59
\LT@cols=\count123
\LT@rows=\count124
\c@LT@tables=\count125
\c@LT@chunks=\count126
\LT@p@ftn=\toks24
)
(/usr/share/texmf/tex/latex/tools/verbatim.sty
Package: verbatim 2003/08/22 v1.5q LaTeX2e package for verbatim enhancements
\every@verbatim=\toks25
\verbatim@line=\toks26
\verbatim@in@stream=\read1
)
(/usr/share/texmf/tex/latex/xtab/xtab.sty
Package: xtab 2000/04/09 v2.3 Extended supertabular package
\c@tracingst=\count127
\PWSTcapht=\dimen129
\ST@wd=\dimen130
\ST@rightskip=\skip99
\ST@leftskip=\skip100
\ST@parfillskip=\skip101
\c@PWSTtable=\count128
\PWSTlastpage=\count129
\PWSTpenultimate=\count130
\PWSTcurpage=\count131
\PWSTtempc=\count132
\PWSTlines=\count133
\PWST@lastht=\dimen131
\PWST@generalht=\dimen132
\PWST@ht=\dimen133
\ST@pageleft=\dimen134
\ST@headht=\dimen135
\ST@tailht=\dimen136
\ST@pagesofar=\dimen137
\ST@pboxht=\dimen138
\ST@lineht=\dimen139
\ST@stretchht=\dimen140
\ST@prevht=\dimen141
\ST@toadd=\dimen142
\ST@dimen=\dimen143
\ST@pbox=\box60
)
(/usr/share/texmf/tex/latex/multirow/multirow.sty
\bigstrutjot=\dimen144
)
\tmplength=\skip102
\xrefbox=\box61
\xreflength=\skip103

(/usr/share/texmf/tex/latex/base/fontenc.sty
Package: fontenc 2004/02/22 v1.99f Standard LaTeX package

(/usr/share/texmf/tex/latex/base/t1enc.def
File: t1enc.def 2004/02/22 v1.99f Standard LaTeX file
LaTeX Font Info:    Redeclaring font encoding T1 on input line 43.
)))
(/usr/share/texmf/tex/latex/listings/lstlang1.sty
File: lstlang1.sty 2004/09/05 1.3 listings language file
)
(/usr/share/texmf/tex/latex/listings/lstlang1.sty
File: lstlang1.sty 2004/09/05 1.3 listings language file
)
(/usr/share/texmf/tex/latex/listings/lstmisc.sty
File: lstmisc.sty 2004/09/07 1.3 (Carsten Heinz)
)
\@indexfile=\write4
\openout4 = `refman.idx'.


Writing index file refman.idx
No file refman.aux.
\openout1 = `refman.aux'.

LaTeX Font Info:    Checking defaults for OML/cmm/m/it on input line 48.
LaTeX Font Info:    ... okay on input line 48.
LaTeX Font Info:    Checking defaults for T1/cmr/m/n on input line 48.
LaTeX Font Info:    ... okay on input line 48.
LaTeX Font Info:    Checking defaults for OT1/cmr/m/n on input line 48.
LaTeX Font Info:    ... okay on input line 48.
LaTeX Font Info:    Checking defaults for OMS/cmsy/m/n on input line 48.
LaTeX Font Info:    ... okay on input line 48.
LaTeX Font Info:    Checking defaults for OMX/cmex/m/n on input line 48.
LaTeX Font Info:    ... okay on input line 48.
LaTeX Font Info:    Checking defaults for U/cmr/m/n on input line 48.
LaTeX Font Info:    ... okay on input line 48.
LaTeX Font Info:    Checking defaults for TS1/cmr/m/n on input line 48.
LaTeX Font Info:    Try loading font information for TS1+cmr on input line 48.
(/usr/share/texmf/tex/latex/base/ts1cmr.fd
File: ts1cmr.fd 1999/05/25 v2.5h Standard LaTeX font definitions
)
LaTeX Font Info:    ... okay on input line 48.
LaTeX Font Info:    Checking defaults for PD1/pdf/m/n on input line 48.
LaTeX Font Info:    ... okay on input line 48.
LaTeX Font Info:    Checking defaults for PU/pdf/m/n on input line 48.
LaTeX Font Info:    ... okay on input line 48.
LaTeX Font Info:    Try loading font information for T1+phv on input line 48.

(/usr/share/texmf/tex/latex/psnfss/t1phv.fd
File: t1phv.fd 2001/06/04 scalable font definitions for T1/phv.
)
LaTeX Font Info:    Font shape `T1/phv/m/n' will be
(Font)              scaled to size 8.99994pt on input line 48.
-------------------- Geometry parameters
paper: a4paper
landscape: --
twocolumn: --
twoside: true
asymmetric: --
h-parts: 71.13188pt, 455.24411pt, 71.13188pt
v-parts: 71.13188pt, 702.78308pt, 71.13188pt
hmarginratio: --
vmarginratio: --
lines: --
heightrounded: --
bindingoffset: 0.0pt
truedimen: --
includehead: --
includefoot: --
includemp: --
driver: pdftex
-------------------- Page layout dimensions and switches
\paperwidth  597.50787pt
\paperheight 845.04684pt
\textwidth  455.24411pt
\textheight 702.78308pt
\oddsidemargin  -1.1381pt
\evensidemargin -1.1381pt
\topmargin  -31.2056pt
\headheight 12.0pt
\headsep    18.06749pt
\footskip   25.29494pt
\marginparwidth 125.0pt
\marginparsep   7.0pt
\columnsep  10.0pt
\skip\footins  9.0pt plus 4.0pt minus 2.0pt
\hoffset 0.0pt
\voffset 0.0pt
\mag 1000
\@twosidetrue \@mparswitchtrue 
(1in=72.27pt, 1cm=28.45pt)
-----------------------

(/usr/share/texmf/tex/context/base/supp-pdf.tex
(/usr/share/texmf/tex/context/base/supp-mis.tex
loading : Context Support Macros / Miscellaneous (2004.10.26)
\protectiondepth=\count134
\scratchcounter=\count135
\scratchtoks=\toks27
\scratchdimen=\dimen145
\scratchskip=\skip104
\scratchmuskip=\muskip11
\scratchbox=\box62
\scratchread=\read2
\scratchwrite=\write5
\zeropoint=\dimen146
\onepoint=\dimen147
\onebasepoint=\dimen148
\minusone=\count136
\thousandpoint=\dimen149
\onerealpoint=\dimen150
\emptytoks=\toks28
\nextbox=\box63
\nextdepth=\dimen151
\everyline=\toks29
\!!counta=\count137
\!!countb=\count138
\recursecounter=\count139
)
loading : Context Support Macros / PDF (2004.03.26)
\nofMPsegments=\count140
\nofMParguments=\count141
\MPscratchCnt=\count142
\MPscratchDim=\dimen152
\MPnumerator=\count143
\everyMPtoPDFconversion=\toks30
)
\rownum=\count144
Package hyperref Info: Link coloring ON on input line 48.
 (/usr/share/texmf/tex/latex/hyperref/nameref.sty
Package: nameref 2003/12/03 v2.21 Cross-referencing by name of section
\c@section@level=\count145
)
LaTeX Info: Redefining \ref on input line 48.
LaTeX Info: Redefining \pageref on input line 48.
\openout3 = `refman.out'.

Package backref Info: ** backref set up for natbib ** on input line 48.
\big@size=\dimen153
Package hyperref Info: Option `pageanchor' set `false' on input line 49.
LaTeX Font Info:    Font shape `T1/phv/m/n' will be
(Font)              scaled to size 12.9599pt on input line 53.
LaTeX Font Info:    Font shape `T1/phv/m/n' will be
(Font)              scaled to size 10.79993pt on input line 55.
LaTeX Font Info:    Font shape `T1/phv/m/n' will be
(Font)              scaled to size 8.09995pt on input line 57.
 [1


{/usr/share/texmf-var/fonts/map/pdftex/updmap/pdftex.map}] [2

]
LaTeX Font Info:    Font shape `T1/phv/m/n' will be
(Font)              scaled to size 22.39185pt on input line 62.
LaTeX Font Info:    Font shape `T1/phv/bx/n' in size <24.88> not available
(Font)              Font shape `T1/phv/b/n' tried instead on input line 62.
LaTeX Font Info:    Font shape `T1/phv/b/n' will be
(Font)              scaled to size 22.39185pt on input line 62.
LaTeX Font Info:    Try loading font information for OT1+phv on input line 62.

(/usr/share/texmf/tex/latex/psnfss/ot1phv.fd
File: ot1phv.fd 2001/06/04 scalable font definitions for OT1/phv.
)
LaTeX Font Info:    Font shape `OT1/phv/bc/n' will be
(Font)              scaled to size 22.39185pt on input line 62.
\tf@toc=\write6
\openout6 = `refman.toc'.

 [1

] [2

]
Package hyperref Info: Option `pageanchor' set `true' on input line 65.

Chapter 1.
LaTeX Font Info:    Font shape `T1/phv/m/n' will be
(Font)              scaled to size 18.66588pt on input line 66.
LaTeX Font Info:    Font shape `T1/phv/bx/n' in size <20.74> not available
(Font)              Font shape `T1/phv/b/n' tried instead on input line 66.
LaTeX Font Info:    Font shape `T1/phv/b/n' will be
(Font)              scaled to size 18.66588pt on input line 66.
LaTeX Font Info:    Font shape `OT1/phv/bc/n' will be
(Font)              scaled to size 18.66588pt on input line 66.
(./hierarchy.tex
LaTeX Font Info:    Font shape `T1/phv/bx/n' in size <14.4> not available
(Font)              Font shape `T1/phv/b/n' tried instead on input line 1.
LaTeX Font Info:    Font shape `T1/phv/b/n' will be
(Font)              scaled to size 12.9599pt on input line 1.
LaTeX Font Info:    Font shape `OT1/phv/bc/n' will be
(Font)              scaled to size 12.9599pt on input line 1.
LaTeX Font Info:    Try loading font information for OT1+ztmcm on input line 3.

 (/usr/share/texmf/tex/latex/psnfss/ot1ztmcm.fd
File: ot1ztmcm.fd 2000/01/03 Fontinst v1.801 font definitions for OT1/ztmcm.
)
LaTeX Font Info:    Try loading font information for OML+ztmcm on input line 3.


(/usr/share/texmf/tex/latex/psnfss/omlztmcm.fd
File: omlztmcm.fd 2000/01/03 Fontinst v1.801 font definitions for OML/ztmcm.
)
LaTeX Font Info:    Try loading font information for OMS+ztmcm on input line 3.


(/usr/share/texmf/tex/latex/psnfss/omsztmcm.fd
File: omsztmcm.fd 2000/01/03 Fontinst v1.801 font definitions for OMS/ztmcm.
)
LaTeX Font Info:    Try loading font information for OMX+ztmcm on input line 3.


(/usr/share/texmf/tex/latex/psnfss/omxztmcm.fd
File: omxztmcm.fd 2000/01/03 Fontinst v1.801 font definitions for OMX/ztmcm.
)
LaTeX Font Info:    Try loading font information for OT1+ptm on input line 3.

(/usr/share/texmf/tex/latex/psnfss/ot1ptm.fd
File: ot1ptm.fd 2001/06/04 font definitions for OT1/ptm.
)
LaTeX Font Info:    Font shape `OT1/ptm/bx/n' in size <10> not available
(Font)              Font shape `OT1/ptm/b/n' tried instead on input line 3.
LaTeX Font Info:    Font shape `OT1/ptm/bx/n' in size <7.4> not available
(Font)              Font shape `OT1/ptm/b/n' tried instead on input line 3.
LaTeX Font Info:    Font shape `OT1/ptm/bx/n' in size <6> not available
(Font)              Font shape `OT1/ptm/b/n' tried instead on input line 3.
LaTeX Font Info:    Font shape `T1/phv/bx/n' in size <10> not available
(Font)              Font shape `T1/phv/b/n' tried instead on input line 3.
LaTeX Font Info:    Font shape `T1/phv/b/n' will be
(Font)              scaled to size 8.99994pt on input line 3.


LaTeX Warning: Reference `structAtom' on page 1 undefined on input line 3.


LaTeX Warning: Reference `classFeneException' on page 1 undefined on input line
 5.


LaTeX Warning: Reference `classSljException' on page 1 undefined on input line 
6.


LaTeX Warning: Reference `classIntegrator' on page 1 undefined on input line 8.



LaTeX Warning: Reference `classAndersen' on page 1 undefined on input line 10.


LaTeX Warning: Reference `classVerlet' on page 1 undefined on input line 11.


LaTeX Warning: Reference `classInteraction' on page 1 undefined on input line 1
3.


LaTeX Warning: Reference `classSystem' on page 1 undefined on input line 14.

) [1

]
LaTeX Font Info:    Font shape `T1/phv/bx/n' in size <7> not available
(Font)              Font shape `T1/phv/b/n' tried instead on input line 68.
LaTeX Font Info:    Font shape `T1/phv/b/n' will be
(Font)              scaled to size 6.29996pt on input line 68.
 [2

]
Chapter 2.
(./annotated.tex

LaTeX Warning: Reference `classAndersen' on page 3 undefined on input line 3.


LaTeX Warning: Reference `structAtom' on page 3 undefined on input line 4.


LaTeX Warning: Reference `classFeneException' on page 3 undefined on input line
 5.


LaTeX Warning: Reference `classIntegrator' on page 3 undefined on input line 6.



LaTeX Warning: Reference `classInteraction' on page 3 undefined on input line 7
.


LaTeX Warning: Reference `classSljException' on page 3 undefined on input line 
8.


LaTeX Warning: Reference `classSystem' on page 3 undefined on input line 9.


LaTeX Warning: Reference `classVerlet' on page 3 undefined on input line 10.

) [3] [4

]
Chapter 3.
(./files.tex

LaTeX Warning: Reference `andersen_8cpp' on page 5 undefined on input line 3.


LaTeX Warning: Reference `atom_8cpp' on page 5 undefined on input line 4.


LaTeX Warning: Reference `atom_8h' on page 5 undefined on input line 5.


LaTeX Warning: Reference `CBEMD_8h' on page 5 undefined on input line 6.


LaTeX Warning: Reference `common_8h' on page 5 undefined on input line 7.


LaTeX Warning: Reference `domain__decomp_8cpp' on page 5 undefined on input lin
e 8.


LaTeX Warning: Reference `domain__decomp_8h' on page 5 undefined on input line 
9.


LaTeX Warning: Reference `force__calc_8cpp' on page 5 undefined on input line 1
0.


LaTeX Warning: Reference `force__calc_8h' on page 5 undefined on input line 11.



LaTeX Warning: Reference `global_8h' on page 5 undefined on input line 12.


LaTeX Warning: Reference `initialize_8cpp' on page 5 undefined on input line 13
.


LaTeX Warning: Reference `initialize_8h' on page 5 undefined on input line 14.


LaTeX Warning: Reference `integrator_8cpp' on page 5 undefined on input line 15
.


LaTeX Warning: Reference `integrator_8h' on page 5 undefined on input line 16.


LaTeX Warning: Reference `interaction_8cpp' on page 5 undefined on input line 1
7.


LaTeX Warning: Reference `interaction_8h' on page 5 undefined on input line 18.



LaTeX Warning: Reference `misc_8cpp' on page 5 undefined on input line 19.


LaTeX Warning: Reference `misc_8h' on page 5 undefined on input line 20.


LaTeX Warning: Reference `mpiatom_8h' on page 5 undefined on input line 21.


LaTeX Warning: Reference `read__interaction_8cpp' on page 5 undefined on input 
line 22.


LaTeX Warning: Reference `read__interaction_8h' on page 5 undefined on input li
ne 23.

[5]

LaTeX Warning: Reference `read__xml_8cpp' on page 6 undefined on input line 24.



LaTeX Warning: Reference `read__xml_8h' on page 6 undefined on input line 25.


LaTeX Warning: Reference `system_8cpp' on page 6 undefined on input line 26.


LaTeX Warning: Reference `system_8h' on page 6 undefined on input line 27.


LaTeX Warning: Reference `verlet_8cpp' on page 6 undefined on input line 28.

) [6]
Chapter 4.
(./classAndersen.tex
LaTeX Font Info:    Try loading font information for T1+pcr on input line 11.
 (/usr/share/texmf/tex/latex/psnfss/t1pcr.fd
File: t1pcr.fd 2001/06/04 font definitions for T1/pcr.
)
<classAndersen.pdf, id=139, 501.875pt x 535.33pt>
File: classAndersen.pdf Graphic file (type pdf)
 <use classAndersen.pdf>
LaTeX Font Info:    Font shape `T1/phv/bx/n' in size <12> not available
(Font)              Font shape `T1/phv/b/n' tried instead on input line 19.
LaTeX Font Info:    Font shape `T1/phv/b/n' will be
(Font)              scaled to size 10.79993pt on input line 19.
LaTeX Font Info:    Font shape `OT1/phv/bc/n' will be
(Font)              scaled to size 10.79993pt on input line 19.
LaTeX Font Info:    Try loading font information for TS1+phv on input line 22.

(/usr/share/texmf/tex/latex/psnfss/ts1phv.fd
File: ts1phv.fd 2001/06/04 scalable font definitions for TS1/phv.
)
LaTeX Font Info:    Font shape `TS1/phv/m/n' will be
(Font)              scaled to size 8.99994pt on input line 22.
LaTeX Font Info:    Font shape `OT1/phv/bc/n' will be
(Font)              scaled to size 8.99994pt on input line 53.
LaTeX Font Info:    Font shape `OT1/phv/bc/it' in size <10> not available
(Font)              Font shape `OT1/phv/bc/sl' tried instead on input line 53.
LaTeX Font Info:    Font shape `OT1/phv/bc/sl' will be
(Font)              scaled to size 8.99994pt on input line 53.
LaTeX Font Info:    Font shape `T1/phv/m/it' in size <10> not available
(Font)              Font shape `T1/phv/m/sl' tried instead on input line 56.
LaTeX Font Info:    Font shape `T1/phv/m/sl' will be
(Font)              scaled to size 8.99994pt on input line 56.

Underfull \vbox (badness 10000) detected at line 60
 []

[7

 <./classAndersen.pdf>]
LaTeX Font Info:    Try loading font information for OT1+pcr on input line 70.
 (/usr/share/texmf/tex/latex/psnfss/ot1pcr.fd
File: ot1pcr.fd 2001/06/04 font definitions for OT1/pcr.
)

LaTeX Font Warning: Font shape `OT1/pcr/bc/n' undefined
(Font)              using `OT1/pcr/m/n' instead on input line 70.


Underfull \vbox (badness 10000) detected at line 75
 []

) (./structAtom.tex
LaTeX Font Info:    Font shape `T1/phv/m/it' in size <9> not available
(Font)              Font shape `T1/phv/m/sl' tried instead on input line 18.
LaTeX Font Info:    Font shape `T1/phv/m/sl' will be
(Font)              scaled to size 8.09995pt on input line 18.
) (./classFeneException.tex [8]
<classFeneException.pdf, id=219, 501.875pt x 386.06232pt>
File: classFeneException.pdf Graphic file (type pdf)

<use classFeneException.pdf>) (./classIntegrator.tex
<classIntegrator.pdf, id=220, 501.875pt x 267.67003pt>
File: classIntegrator.pdf Graphic file (type pdf)

<use classIntegrator.pdf> [9 <./classFeneException.pdf> <./classIntegrator.pdf>
]) (./classInteraction.tex) (./classSljException.tex
<classSljException.pdf, id=250, 501.875pt x 451.1254pt>
File: classSljException.pdf Graphic file (type pdf)

<use classSljException.pdf> [10]) (./classSystem.tex [11 <./classSljException.p
df>] [12]
Underfull \vbox (badness 10000) detected at line 177
 []


Underfull \vbox (badness 10000) detected at line 196
 []


Underfull \vbox (badness 10000) has occurred while \output is active []

 [13]
Underfull \vbox (badness 10000) detected at line 210
 []


Underfull \vbox (badness 10000) detected at line 228
 []


Underfull \vbox (badness 10000) detected at line 256
 []

[14]
Underfull \vbox (badness 10000) detected at line 275
 []


Underfull \vbox (badness 10000) detected at line 291
 []


Underfull \vbox (badness 10000) detected at line 307
 []


Underfull \vbox (badness 10000) detected at line 323
 []


Underfull \vbox (badness 10000) detected at line 339
 []

[15]) (./classVerlet.tex <classVerlet.pdf, id=446, 501.875pt x 542.567pt>
File: classVerlet.pdf Graphic file (type pdf)

<use classVerlet.pdf>
Underfull \vbox (badness 10000) detected at line 50
 []

[16 <./classVerlet.pdf>]
Underfull \vbox (badness 10000) detected at line 65
 []

) [17] [18

]
Chapter 5.
(./andersen_8cpp.tex
Underfull \hbox (badness 10000) in paragraph at lines 9--10

 []


Underfull \vbox (badness 10000) detected at line 36
 []

) (./atom_8cpp.tex
Underfull \hbox (badness 10000) in paragraph at lines 9--10

 []

[19]) (./atom_8h.tex
Underfull \hbox (badness 10000) in paragraph at lines 9--11

 []

[20]) (./CBEMD_8h.tex
Underfull \hbox (badness 10000) in paragraph at lines 9--20

 []

) (./common_8h.tex [21]
Underfull \hbox (badness 10000) in paragraph at lines 9--15

 []

) (./domain__decomp_8cpp.tex
Underfull \hbox (badness 10000) in paragraph at lines 9--10

 []

[22]
Underfull \vbox (badness 10000) detected at line 61
 []


Underfull \vbox (badness 10000) detected at line 77
 []


Underfull \vbox (badness 10000) detected at line 99
 []


Underfull \vbox (badness 10000) detected at line 119
 []


Underfull \vbox (badness 1629) has occurred while \output is active []

 [23]
Underfull \vbox (badness 10000) detected at line 135
 []


Underfull \vbox (badness 10000) detected at line 162
 []


Underfull \vbox (badness 10000) detected at line 188
 []


Underfull \vbox (badness 10000) detected at line 209
 []

[24]
Underfull \vbox (badness 10000) detected at line 231
 []


Underfull \vbox (badness 10000) detected at line 256
 []


Underfull \vbox (badness 10000) detected at line 275
 []

) (./domain__decomp_8h.tex
Underfull \hbox (badness 10000) in paragraph at lines 9--12

 []

[25]
Underfull \vbox (badness 10000) detected at line 65
 []


Underfull \vbox (badness 10000) detected at line 81
 []

[26]
Underfull \vbox (badness 10000) detected at line 103
 []


Underfull \vbox (badness 10000) detected at line 123
 []


Underfull \vbox (badness 10000) detected at line 139
 []


Underfull \vbox (badness 10000) detected at line 166
 []


Underfull \vbox (badness 10000) detected at line 185
 []

[27]
Underfull \vbox (badness 10000) detected at line 207
 []


Underfull \vbox (badness 10000) detected at line 232
 []


Underfull \vbox (badness 10000) detected at line 251
 []

) (./force__calc_8cpp.tex
Underfull \hbox (badness 10000) in paragraph at lines 9--10

 []

[28]
Underfull \vbox (badness 10000) detected at line 41
 []


Underfull \vbox (badness 10000) detected at line 57
 []

) (./force__calc_8h.tex
Underfull \hbox (badness 10000) in paragraph at lines 9--12

 []

[29]
Underfull \vbox (badness 10000) detected at line 43
 []


Underfull \vbox (badness 10000) detected at line 59
 []

) (./global_8h.tex
Underfull \hbox (badness 10000) in paragraph at lines 9--16

 []

[30]) (./initialize_8cpp.tex
Underfull \hbox (badness 10000) in paragraph at lines 9--10

 []

[31]
Underfull \vbox (badness 10000) detected at line 73
 []


Underfull \vbox (badness 10000) detected at line 92
 []

) (./integrator_8cpp.tex
Underfull \hbox (badness 10000) in paragraph at lines 9--10

 []


Underfull \vbox (badness 10000) detected at line 44
 []


Overfull \vbox (4.5442pt too high) has occurred while \output is active []


[32]) (./integrator_8h.tex
Underfull \hbox (badness 10000) in paragraph at lines 9--17

 []

LaTeX Font Info:    Font shape `OT1/ptm/bx/n' in size <9> not available
(Font)              Font shape `OT1/ptm/b/n' tried instead on input line 21.
LaTeX Font Info:    Font shape `OT1/ptm/bx/n' in size <7> not available
(Font)              Font shape `OT1/ptm/b/n' tried instead on input line 21.
LaTeX Font Info:    Font shape `OT1/ptm/bx/n' in size <5> not available
(Font)              Font shape `OT1/ptm/b/n' tried instead on input line 21.

Underfull \vbox (badness 10000) detected at line 60
 []

) (./interaction_8cpp.tex
Underfull \hbox (badness 10000) in paragraph at lines 9--10

 []


Underfull \vbox (badness 10000) has occurred while \output is active []

 [33]
! Undefined control sequence.
l.42 ... by\-: \[ U(r) = -\frac{1}{2}kr_{0}^2\text
                                                  {ln}\left(1-\left(\frac{r-...

? r
OK, entering \nonstopmode...
! Missing $ inserted.
<inserted text> 
                $
l.42 ...lta} \right)^6 \right) + \epsilon & r < 2^
                                                  {1/6}\sigma+\Delta \\ &=& ...
I've inserted a begin-math/end-math symbol since I think
you left one out. Proceed, with fingers crossed.


! LaTeX Error: Too many columns in eqnarray environment.

See the LaTeX manual or LaTeX Companion for explanation.
Type  H <return>  for immediate help.
 ...                                              
                                                  
l.42 ...+ \epsilon & r < 2^{1/6}\sigma+\Delta \\ &
                                                  =& 0 &r-\Delta \ge 2^{1/6}...

Try typing  <return>  to proceed.
If that doesn't work, type  X <return>  to quit.

! Extra }, or forgotten $.
<template> \egroup 
                   \endtemplate 
l.42 ...+ \epsilon & r < 2^{1/6}\sigma+\Delta \\ &
                                                  =& 0 &r-\Delta \ge 2^{1/6}...
I've deleted a group-closing symbol because it seems to be
spurious, as in `$x}$'. But perhaps the } is legitimate and
you forgot something else, as in `\hbox{$x}'. In such cases
the way to recover is to insert both the forgotten and the
deleted material, e.g., by typing `I$}'.

! Missing $ inserted.
<inserted text> 
                $
l.42 ...+ \epsilon & r < 2^{1/6}\sigma+\Delta \\ &
                                                  =& 0 &r-\Delta \ge 2^{1/6}...
I've inserted a begin-math/end-math symbol since I think
you left one out. Proceed, with fingers crossed.

! Missing } inserted.
<inserted text> 
                }
l.42 ...+ \epsilon & r < 2^{1/6}\sigma+\Delta \\ &
                                                  =& 0 &r-\Delta \ge 2^{1/6}...
I've inserted something that you may have forgotten.
(See the <inserted text> above.)
With luck, this will get me unwedged. But if you
really didn't forget anything, try typing `2' now; then
my insertion and my current dilemma will both disappear.

! Missing $ inserted.
<inserted text> 
                $
l.42 ... < 2^{1/6}\sigma+\Delta \\ &=& 0 &r-\Delta
                                                   \ge 2^{1/6}\sigma \end{eq...
I've inserted a begin-math/end-math symbol since I think
you left one out. Proceed, with fingers crossed.


! LaTeX Error: Too many columns in eqnarray environment.

See the LaTeX manual or LaTeX Companion for explanation.
Type  H <return>  for immediate help.
 ...                                              
                                                  
l.42 ...r-\Delta \ge 2^{1/6}\sigma \end{eqnarray*}
                                                    is usually set such that...

Try typing  <return>  to proceed.
If that doesn't work, type  X <return>  to quit.

! Extra }, or forgotten $.
<template> \egroup 
                   \endtemplate 
l.42 ...r-\Delta \ge 2^{1/6}\sigma \end{eqnarray*}
                                                    is usually set such that...
I've deleted a group-closing symbol because it seems to be
spurious, as in `$x}$'. But perhaps the } is legitimate and
you forgot something else, as in `\hbox{$x}'. In such cases
the way to recover is to insert both the forgotten and the
deleted material, e.g., by typing `I$}'.

! Missing $ inserted.
<inserted text> 
                $
l.42 ...r-\Delta \ge 2^{1/6}\sigma \end{eqnarray*}
                                                    is usually set such that...
I've inserted a begin-math/end-math symbol since I think
you left one out. Proceed, with fingers crossed.

! Missing } inserted.
<inserted text> 
                }
l.42 ...r-\Delta \ge 2^{1/6}\sigma \end{eqnarray*}
                                                    is usually set such that...
I've inserted something that you may have forgotten.
(See the <inserted text> above.)
With luck, this will get me unwedged. But if you
really didn't forget anything, try typing `2' now; then
my insertion and my current dilemma will both disappear.


Underfull \vbox (badness 10000) detected at line 52
 []

[34]
Underfull \vbox (badness 10000) detected at line 77
 []

! Missing $ inserted.
<inserted text> 
                $
l.94 ...right)^{6}\right) + U_{shift} & r - \Delta
                                                   < r_{cut} \\ &=& 0 & r - ...
I've inserted a begin-math/end-math symbol since I think
you left one out. Proceed, with fingers crossed.


! LaTeX Error: Too many columns in eqnarray environment.

See the LaTeX manual or LaTeX Companion for explanation.
Type  H <return>  for immediate help.
 ...                                              
                                                  
l.94 ...t) + U_{shift} & r - \Delta < r_{cut} \\ &
                                                  =& 0 & r - \Delta \ge r_{c...

Try typing  <return>  to proceed.
If that doesn't work, type  X <return>  to quit.

! Extra }, or forgotten $.
<template> \egroup 
                   \endtemplate 
l.94 ...t) + U_{shift} & r - \Delta < r_{cut} \\ &
                                                  =& 0 & r - \Delta \ge r_{c...
I've deleted a group-closing symbol because it seems to be
spurious, as in `$x}$'. But perhaps the } is legitimate and
you forgot something else, as in `\hbox{$x}'. In such cases
the way to recover is to insert both the forgotten and the
deleted material, e.g., by typing `I$}'.

! Missing $ inserted.
<inserted text> 
                $
l.94 ...t) + U_{shift} & r - \Delta < r_{cut} \\ &
                                                  =& 0 & r - \Delta \ge r_{c...
I've inserted a begin-math/end-math symbol since I think
you left one out. Proceed, with fingers crossed.

! Missing } inserted.
<inserted text> 
                }
l.94 ...t) + U_{shift} & r - \Delta < r_{cut} \\ &
                                                  =& 0 & r - \Delta \ge r_{c...
I've inserted something that you may have forgotten.
(See the <inserted text> above.)
With luck, this will get me unwedged. But if you
really didn't forget anything, try typing `2' now; then
my insertion and my current dilemma will both disappear.

! Missing $ inserted.
<inserted text> 
                $
l.94 ...r - \Delta < r_{cut} \\ &=& 0 & r - \Delta
                                                   \ge r_{cut} \end{eqnarray...
I've inserted a begin-math/end-math symbol since I think
you left one out. Proceed, with fingers crossed.


! LaTeX Error: Too many columns in eqnarray environment.

See the LaTeX manual or LaTeX Companion for explanation.
Type  H <return>  for immediate help.
 ...                                              
                                                  
l.94 ...0 & r - \Delta \ge r_{cut} \end{eqnarray*}
                                                   Forces are added to atoms...

Try typing  <return>  to proceed.
If that doesn't work, type  X <return>  to quit.

! Extra }, or forgotten $.
<template> \egroup 
                   \endtemplate 
l.94 ...0 & r - \Delta \ge r_{cut} \end{eqnarray*}
                                                   Forces are added to atoms...
I've deleted a group-closing symbol because it seems to be
spurious, as in `$x}$'. But perhaps the } is legitimate and
you forgot something else, as in `\hbox{$x}'. In such cases
the way to recover is to insert both the forgotten and the
deleted material, e.g., by typing `I$}'.

! Missing $ inserted.
<inserted text> 
                $
l.94 ...0 & r - \Delta \ge r_{cut} \end{eqnarray*}
                                                   Forces are added to atoms...
I've inserted a begin-math/end-math symbol since I think
you left one out. Proceed, with fingers crossed.

! Missing } inserted.
<inserted text> 
                }
l.94 ...0 & r - \Delta \ge r_{cut} \end{eqnarray*}
                                                   Forces are added to atoms...
I've inserted something that you may have forgotten.
(See the <inserted text> above.)
With luck, this will get me unwedged. But if you
really didn't forget anything, try typing `2' now; then
my insertion and my current dilemma will both disappear.

! Undefined control sequence.
<argument> \del 
                U
l.94 ...{eqnarray*} F_i &=& -\frac{\del U}{\del r}
                                                  \frac{\del r}{\del x_i} = ...
The control sequence at the end of the top line
of your error message was never \def'ed. If you have
misspelled it (e.g., `\hobx'), type `I' and the correct
spelling (e.g., `I\hbox'). Otherwise just continue,
and I'll forget about whatever was undefined.

! Undefined control sequence.
<argument> \del 
                r
l.94 ...{eqnarray*} F_i &=& -\frac{\del U}{\del r}
                                                  \frac{\del r}{\del x_i} = ...
The control sequence at the end of the top line
of your error message was never \def'ed. If you have
misspelled it (e.g., `\hobx'), type `I' and the correct
spelling (e.g., `I\hbox'). Otherwise just continue,
and I'll forget about whatever was undefined.

! Undefined control sequence.
<argument> \del 
                r
l.94 ...rac{\del U}{\del r}\frac{\del r}{\del x_i}
                                                   = -\frac{\del U}{\del r}\...
The control sequence at the end of the top line
of your error message was never \def'ed. If you have
misspelled it (e.g., `\hobx'), type `I' and the correct
spelling (e.g., `I\hbox'). Otherwise just continue,
and I'll forget about whatever was undefined.

! Undefined control sequence.
<argument> \del 
                x_i
l.94 ...rac{\del U}{\del r}\frac{\del r}{\del x_i}
                                                   = -\frac{\del U}{\del r}\...
The control sequence at the end of the top line
of your error message was never \def'ed. If you have
misspelled it (e.g., `\hobx'), type `I' and the correct
spelling (e.g., `I\hbox'). Otherwise just continue,
and I'll forget about whatever was undefined.

! Undefined control sequence.
<argument> \del 
                U
l.94 ...\del r}{\del x_i} = -\frac{\del U}{\del r}
                                                  \frac{x_i}{r} & r - \Delta...
The control sequence at the end of the top line
of your error message was never \def'ed. If you have
misspelled it (e.g., `\hobx'), type `I' and the correct
spelling (e.g., `I\hbox'). Otherwise just continue,
and I'll forget about whatever was undefined.

! Undefined control sequence.
<argument> \del 
                r
l.94 ...\del r}{\del x_i} = -\frac{\del U}{\del r}
                                                  \frac{x_i}{r} & r - \Delta...
The control sequence at the end of the top line
of your error message was never \def'ed. If you have
misspelled it (e.g., `\hobx'), type `I' and the correct
spelling (e.g., `I\hbox'). Otherwise just continue,
and I'll forget about whatever was undefined.

! Missing $ inserted.
<inserted text> 
                $
l.94 ...{\del U}{\del r}\frac{x_i}{r} & r - \Delta
                                                   < r_{cut} \\ &=& 0 & r - ...
I've inserted a begin-math/end-math symbol since I think
you left one out. Proceed, with fingers crossed.


! LaTeX Error: Too many columns in eqnarray environment.

See the LaTeX manual or LaTeX Companion for explanation.
Type  H <return>  for immediate help.
 ...                                              
                                                  
l.94 ...}\frac{x_i}{r} & r - \Delta < r_{cut} \\ &
                                                  =& 0 & r - \Delta \ge r_{c...

Try typing  <return>  to proceed.
If that doesn't work, type  X <return>  to quit.

! Extra }, or forgotten $.
<template> \egroup 
                   \endtemplate 
l.94 ...}\frac{x_i}{r} & r - \Delta < r_{cut} \\ &
                                                  =& 0 & r - \Delta \ge r_{c...
I've deleted a group-closing symbol because it seems to be
spurious, as in `$x}$'. But perhaps the } is legitimate and
you forgot something else, as in `\hbox{$x}'. In such cases
the way to recover is to insert both the forgotten and the
deleted material, e.g., by typing `I$}'.

! Missing $ inserted.
<inserted text> 
                $
l.94 ...}\frac{x_i}{r} & r - \Delta < r_{cut} \\ &
                                                  =& 0 & r - \Delta \ge r_{c...
I've inserted a begin-math/end-math symbol since I think
you left one out. Proceed, with fingers crossed.

! Missing } inserted.
<inserted text> 
                }
l.94 ...}\frac{x_i}{r} & r - \Delta < r_{cut} \\ &
                                                  =& 0 & r - \Delta \ge r_{c...
I've inserted something that you may have forgotten.
(See the <inserted text> above.)
With luck, this will get me unwedged. But if you
really didn't forget anything, try typing `2' now; then
my insertion and my current dilemma will both disappear.

! Missing $ inserted.
<inserted text> 
                $
l.94 ...r - \Delta < r_{cut} \\ &=& 0 & r - \Delta
                                                   \ge r_{cut} \end{eqnarray*}
I've inserted a begin-math/end-math symbol since I think
you left one out. Proceed, with fingers crossed.


! LaTeX Error: Too many columns in eqnarray environment.

See the LaTeX manual or LaTeX Companion for explanation.
Type  H <return>  for immediate help.
 ...                                              
                                                  
l.94 ...0 & r - \Delta \ge r_{cut} \end{eqnarray*}
                                                  
Try typing  <return>  to proceed.
If that doesn't work, type  X <return>  to quit.

! Extra }, or forgotten $.
<template> \egroup 
                   \endtemplate 
l.94 ...0 & r - \Delta \ge r_{cut} \end{eqnarray*}
                                                  
I've deleted a group-closing symbol because it seems to be
spurious, as in `$x}$'. But perhaps the } is legitimate and
you forgot something else, as in `\hbox{$x}'. In such cases
the way to recover is to insert both the forgotten and the
deleted material, e.g., by typing `I$}'.

! Missing $ inserted.
<inserted text> 
                $
l.94 ...0 & r - \Delta \ge r_{cut} \end{eqnarray*}
                                                  
I've inserted a begin-math/end-math symbol since I think
you left one out. Proceed, with fingers crossed.

! Missing } inserted.
<inserted text> 
                }
l.94 ...0 & r - \Delta \ge r_{cut} \end{eqnarray*}
                                                  
I've inserted something that you may have forgotten.
(See the <inserted text> above.)
With luck, this will get me unwedged. But if you
really didn't forget anything, try typing `2' now; then
my insertion and my current dilemma will both disappear.


Underfull \vbox (badness 10000) detected at line 104
 []

) (./interaction_8h.tex
Underfull \hbox (badness 10000) in paragraph at lines 9--12

 []

[35]
! Undefined control sequence.
l.59 ... by\-: \[ U(r) = -\frac{1}{2}kr_{0}^2\text
                                                  {ln}\left(1-\left(\frac{r-...
The control sequence at the end of the top line
of your error message was never \def'ed. If you have
misspelled it (e.g., `\hobx'), type `I' and the correct
spelling (e.g., `I\hbox'). Otherwise just continue,
and I'll forget about whatever was undefined.

! Missing $ inserted.
<inserted text> 
                $
l.59 ...lta} \right)^6 \right) + \epsilon & r < 2^
                                                  {1/6}\sigma+\Delta \\ &=& ...
I've inserted a begin-math/end-math symbol since I think
you left one out. Proceed, with fingers crossed.


! LaTeX Error: Too many columns in eqnarray environment.

See the LaTeX manual or LaTeX Companion for explanation.
Type  H <return>  for immediate help.
 ...                                              
                                                  
l.59 ...+ \epsilon & r < 2^{1/6}\sigma+\Delta \\ &
                                                  =& 0 &r-\Delta \ge 2^{1/6}...

Try typing  <return>  to proceed.
If that doesn't work, type  X <return>  to quit.

! Extra }, or forgotten $.
<template> \egroup 
                   \endtemplate 
l.59 ...+ \epsilon & r < 2^{1/6}\sigma+\Delta \\ &
                                                  =& 0 &r-\Delta \ge 2^{1/6}...
I've deleted a group-closing symbol because it seems to be
spurious, as in `$x}$'. But perhaps the } is legitimate and
you forgot something else, as in `\hbox{$x}'. In such cases
the way to recover is to insert both the forgotten and the
deleted material, e.g., by typing `I$}'.

! Missing $ inserted.
<inserted text> 
                $
l.59 ...+ \epsilon & r < 2^{1/6}\sigma+\Delta \\ &
                                                  =& 0 &r-\Delta \ge 2^{1/6}...
I've inserted a begin-math/end-math symbol since I think
you left one out. Proceed, with fingers crossed.

! Missing } inserted.
<inserted text> 
                }
l.59 ...+ \epsilon & r < 2^{1/6}\sigma+\Delta \\ &
                                                  =& 0 &r-\Delta \ge 2^{1/6}...
I've inserted something that you may have forgotten.
(See the <inserted text> above.)
With luck, this will get me unwedged. But if you
really didn't forget anything, try typing `2' now; then
my insertion and my current dilemma will both disappear.

! Missing $ inserted.
<inserted text> 
                $
l.59 ... < 2^{1/6}\sigma+\Delta \\ &=& 0 &r-\Delta
                                                   \ge 2^{1/6}\sigma \end{eq...
I've inserted a begin-math/end-math symbol since I think
you left one out. Proceed, with fingers crossed.


! LaTeX Error: Too many columns in eqnarray environment.

See the LaTeX manual or LaTeX Companion for explanation.
Type  H <return>  for immediate help.
 ...                                              
                                                  
l.59 ...r-\Delta \ge 2^{1/6}\sigma \end{eqnarray*}
                                                    is usually set such that...

Try typing  <return>  to proceed.
If that doesn't work, type  X <return>  to quit.

! Extra }, or forgotten $.
<template> \egroup 
                   \endtemplate 
l.59 ...r-\Delta \ge 2^{1/6}\sigma \end{eqnarray*}
                                                    is usually set such that...
I've deleted a group-closing symbol because it seems to be
spurious, as in `$x}$'. But perhaps the } is legitimate and
you forgot something else, as in `\hbox{$x}'. In such cases
the way to recover is to insert both the forgotten and the
deleted material, e.g., by typing `I$}'.

! Missing $ inserted.
<inserted text> 
                $
l.59 ...r-\Delta \ge 2^{1/6}\sigma \end{eqnarray*}
                                                    is usually set such that...
I've inserted a begin-math/end-math symbol since I think
you left one out. Proceed, with fingers crossed.

! Missing } inserted.
<inserted text> 
                }
l.59 ...r-\Delta \ge 2^{1/6}\sigma \end{eqnarray*}
                                                    is usually set such that...
I've inserted something that you may have forgotten.
(See the <inserted text> above.)
With luck, this will get me unwedged. But if you
really didn't forget anything, try typing `2' now; then
my insertion and my current dilemma will both disappear.


Underfull \vbox (badness 10000) detected at line 69
 []


Underfull \vbox (badness 10000) detected at line 94
 []

[36]
! Missing $ inserted.
<inserted text> 
                $
l.111 ...ight)^{6}\right) + U_{shift} & r - \Delta
                                                   < r_{cut} \\ &=& 0 & r - ...
I've inserted a begin-math/end-math symbol since I think
you left one out. Proceed, with fingers crossed.


! LaTeX Error: Too many columns in eqnarray environment.

See the LaTeX manual or LaTeX Companion for explanation.
Type  H <return>  for immediate help.
 ...                                              
                                                  
l.111 ...) + U_{shift} & r - \Delta < r_{cut} \\ &
                                                  =& 0 & r - \Delta \ge r_{c...

Try typing  <return>  to proceed.
If that doesn't work, type  X <return>  to quit.

! Extra }, or forgotten $.
<template> \egroup 
                   \endtemplate 
l.111 ...) + U_{shift} & r - \Delta < r_{cut} \\ &
                                                  =& 0 & r - \Delta \ge r_{c...
I've deleted a group-closing symbol because it seems to be
spurious, as in `$x}$'. But perhaps the } is legitimate and
you forgot something else, as in `\hbox{$x}'. In such cases
the way to recover is to insert both the forgotten and the
deleted material, e.g., by typing `I$}'.

! Missing $ inserted.
<inserted text> 
                $
l.111 ...) + U_{shift} & r - \Delta < r_{cut} \\ &
                                                  =& 0 & r - \Delta \ge r_{c...
I've inserted a begin-math/end-math symbol since I think
you left one out. Proceed, with fingers crossed.

! Missing } inserted.
<inserted text> 
                }
l.111 ...) + U_{shift} & r - \Delta < r_{cut} \\ &
                                                  =& 0 & r - \Delta \ge r_{c...
I've inserted something that you may have forgotten.
(See the <inserted text> above.)
With luck, this will get me unwedged. But if you
really didn't forget anything, try typing `2' now; then
my insertion and my current dilemma will both disappear.

! Missing $ inserted.
<inserted text> 
                $
l.111 ... - \Delta < r_{cut} \\ &=& 0 & r - \Delta
                                                   \ge r_{cut} \end{eqnarray...
I've inserted a begin-math/end-math symbol since I think
you left one out. Proceed, with fingers crossed.


! LaTeX Error: Too many columns in eqnarray environment.

See the LaTeX manual or LaTeX Companion for explanation.
Type  H <return>  for immediate help.
 ...                                              
                                                  
l.111 ... & r - \Delta \ge r_{cut} \end{eqnarray*}
                                                   Forces are added to atoms...

Try typing  <return>  to proceed.
If that doesn't work, type  X <return>  to quit.

! Extra }, or forgotten $.
<template> \egroup 
                   \endtemplate 
l.111 ... & r - \Delta \ge r_{cut} \end{eqnarray*}
                                                   Forces are added to atoms...
I've deleted a group-closing symbol because it seems to be
spurious, as in `$x}$'. But perhaps the } is legitimate and
you forgot something else, as in `\hbox{$x}'. In such cases
the way to recover is to insert both the forgotten and the
deleted material, e.g., by typing `I$}'.

! Missing $ inserted.
<inserted text> 
                $
l.111 ... & r - \Delta \ge r_{cut} \end{eqnarray*}
                                                   Forces are added to atoms...
I've inserted a begin-math/end-math symbol since I think
you left one out. Proceed, with fingers crossed.

! Missing } inserted.
<inserted text> 
                }
l.111 ... & r - \Delta \ge r_{cut} \end{eqnarray*}
                                                   Forces are added to atoms...
I've inserted something that you may have forgotten.
(See the <inserted text> above.)
With luck, this will get me unwedged. But if you
really didn't forget anything, try typing `2' now; then
my insertion and my current dilemma will both disappear.

! Undefined control sequence.
<argument> \del 
                U
l.111 ...eqnarray*} F_i &=& -\frac{\del U}{\del r}
                                                  \frac{\del r}{\del x_i} = ...
The control sequence at the end of the top line
of your error message was never \def'ed. If you have
misspelled it (e.g., `\hobx'), type `I' and the correct
spelling (e.g., `I\hbox'). Otherwise just continue,
and I'll forget about whatever was undefined.

! Undefined control sequence.
<argument> \del 
                r
l.111 ...eqnarray*} F_i &=& -\frac{\del U}{\del r}
                                                  \frac{\del r}{\del x_i} = ...
The control sequence at the end of the top line
of your error message was never \def'ed. If you have
misspelled it (e.g., `\hobx'), type `I' and the correct
spelling (e.g., `I\hbox'). Otherwise just continue,
and I'll forget about whatever was undefined.

! Undefined control sequence.
<argument> \del 
                r
l.111 ...ac{\del U}{\del r}\frac{\del r}{\del x_i}
                                                   = -\frac{\del U}{\del r}\...
The control sequence at the end of the top line
of your error message was never \def'ed. If you have
misspelled it (e.g., `\hobx'), type `I' and the correct
spelling (e.g., `I\hbox'). Otherwise just continue,
and I'll forget about whatever was undefined.

! Undefined control sequence.
<argument> \del 
                x_i
l.111 ...ac{\del U}{\del r}\frac{\del r}{\del x_i}
                                                   = -\frac{\del U}{\del r}\...
The control sequence at the end of the top line
of your error message was never \def'ed. If you have
misspelled it (e.g., `\hobx'), type `I' and the correct
spelling (e.g., `I\hbox'). Otherwise just continue,
and I'll forget about whatever was undefined.

! Undefined control sequence.
<argument> \del 
                U
l.111 ...del r}{\del x_i} = -\frac{\del U}{\del r}
                                                  \frac{x_i}{r} & r - \Delta...
The control sequence at the end of the top line
of your error message was never \def'ed. If you have
misspelled it (e.g., `\hobx'), type `I' and the correct
spelling (e.g., `I\hbox'). Otherwise just continue,
and I'll forget about whatever was undefined.

! Undefined control sequence.
<argument> \del 
                r
l.111 ...del r}{\del x_i} = -\frac{\del U}{\del r}
                                                  \frac{x_i}{r} & r - \Delta...
The control sequence at the end of the top line
of your error message was never \def'ed. If you have
misspelled it (e.g., `\hobx'), type `I' and the correct
spelling (e.g., `I\hbox'). Otherwise just continue,
and I'll forget about whatever was undefined.

! Missing $ inserted.
<inserted text> 
                $
l.111 ...\del U}{\del r}\frac{x_i}{r} & r - \Delta
                                                   < r_{cut} \\ &=& 0 & r - ...
I've inserted a begin-math/end-math symbol since I think
you left one out. Proceed, with fingers crossed.


! LaTeX Error: Too many columns in eqnarray environment.

See the LaTeX manual or LaTeX Companion for explanation.
Type  H <return>  for immediate help.
 ...                                              
                                                  
l.111 ...\frac{x_i}{r} & r - \Delta < r_{cut} \\ &
                                                  =& 0 & r - \Delta \ge r_{c...

Try typing  <return>  to proceed.
If that doesn't work, type  X <return>  to quit.

! Extra }, or forgotten $.
<template> \egroup 
                   \endtemplate 
l.111 ...\frac{x_i}{r} & r - \Delta < r_{cut} \\ &
                                                  =& 0 & r - \Delta \ge r_{c...
I've deleted a group-closing symbol because it seems to be
spurious, as in `$x}$'. But perhaps the } is legitimate and
you forgot something else, as in `\hbox{$x}'. In such cases
the way to recover is to insert both the forgotten and the
deleted material, e.g., by typing `I$}'.

! Missing $ inserted.
<inserted text> 
                $
l.111 ...\frac{x_i}{r} & r - \Delta < r_{cut} \\ &
                                                  =& 0 & r - \Delta \ge r_{c...
I've inserted a begin-math/end-math symbol since I think
you left one out. Proceed, with fingers crossed.

! Missing } inserted.
<inserted text> 
                }
l.111 ...\frac{x_i}{r} & r - \Delta < r_{cut} \\ &
                                                  =& 0 & r - \Delta \ge r_{c...
I've inserted something that you may have forgotten.
(See the <inserted text> above.)
With luck, this will get me unwedged. But if you
really didn't forget anything, try typing `2' now; then
my insertion and my current dilemma will both disappear.

! Missing $ inserted.
<inserted text> 
                $
l.111 ... - \Delta < r_{cut} \\ &=& 0 & r - \Delta
                                                   \ge r_{cut} \end{eqnarray*}
I've inserted a begin-math/end-math symbol since I think
you left one out. Proceed, with fingers crossed.


! LaTeX Error: Too many columns in eqnarray environment.

See the LaTeX manual or LaTeX Companion for explanation.
Type  H <return>  for immediate help.
 ...                                              
                                                  
l.111 ... & r - \Delta \ge r_{cut} \end{eqnarray*}
                                                  
Try typing  <return>  to proceed.
If that doesn't work, type  X <return>  to quit.

! Extra }, or forgotten $.
<template> \egroup 
                   \endtemplate 
l.111 ... & r - \Delta \ge r_{cut} \end{eqnarray*}
                                                  
I've deleted a group-closing symbol because it seems to be
spurious, as in `$x}$'. But perhaps the } is legitimate and
you forgot something else, as in `\hbox{$x}'. In such cases
the way to recover is to insert both the forgotten and the
deleted material, e.g., by typing `I$}'.

! Missing $ inserted.
<inserted text> 
                $
l.111 ... & r - \Delta \ge r_{cut} \end{eqnarray*}
                                                  
I've inserted a begin-math/end-math symbol since I think
you left one out. Proceed, with fingers crossed.

! Missing } inserted.
<inserted text> 
                }
l.111 ... & r - \Delta \ge r_{cut} \end{eqnarray*}
                                                  
I've inserted something that you may have forgotten.
(See the <inserted text> above.)
With luck, this will get me unwedged. But if you
really didn't forget anything, try typing `2' now; then
my insertion and my current dilemma will both disappear.


Underfull \vbox (badness 10000) detected at line 121
 []

) (./misc_8cpp.tex
Underfull \hbox (badness 10000) in paragraph at lines 9--10

 []

[37]
Underfull \vbox (badness 10000) detected at line 62
 []


Underfull \vbox (badness 10000) detected at line 84
 []


Underfull \vbox (badness 10000) detected at line 103
 []

[38]
Underfull \vbox (badness 10000) detected at line 125
 []


Underfull \vbox (badness 10000) detected at line 150
 []


Underfull \vbox (badness 10000) detected at line 169
 []


Underfull \vbox (badness 10000) detected at line 188
 []


Underfull \vbox (badness 10000) detected at line 207
 []

) (./misc_8h.tex [39]
Underfull \hbox (badness 10000) in paragraph at lines 9--13

 []


Underfull \vbox (badness 10000) detected at line 65
 []

[40]
Underfull \vbox (badness 10000) detected at line 87
 []


Underfull \vbox (badness 10000) detected at line 106
 []


Underfull \vbox (badness 10000) detected at line 128
 []


Underfull \vbox (badness 10000) detected at line 153
 []

[41]
Underfull \vbox (badness 10000) detected at line 172
 []


Underfull \vbox (badness 10000) detected at line 191
 []


Underfull \vbox (badness 10000) detected at line 210
 []

) (./mpiatom_8h.tex) (./read__interaction_8cpp.tex
Underfull \hbox (badness 10000) in paragraph at lines 9--10

 []

[42]
Underfull \vbox (badness 10000) detected at line 47
 []


Underfull \vbox (badness 10000) detected at line 66
 []

) (./read__interaction_8h.tex
Underfull \hbox (badness 10000) in paragraph at lines 9--17

 []

[43]
Underfull \vbox (badness 10000) detected at line 51
 []


Underfull \vbox (badness 10000) detected at line 70
 []

) (./read__xml_8cpp.tex
Underfull \hbox (badness 10000) in paragraph at lines 9--10

 []

[44]
Underfull \vbox (badness 10000) detected at line 46
 []


Underfull \vbox (badness 10000) detected at line 65
 []


Underfull \vbox (badness 10000) detected at line 90
 []

) (./read__xml_8h.tex
Underfull \hbox (badness 10000) in paragraph at lines 9--18

 []

[45]
Underfull \vbox (badness 10000) detected at line 54
 []


Underfull \vbox (badness 10000) detected at line 73
 []

[46]
Underfull \vbox (badness 10000) detected at line 98
 []

) (./system_8cpp.tex
Underfull \hbox (badness 10000) in paragraph at lines 9--10

 []

) (./system_8h.tex
Underfull \hbox (badness 10000) in paragraph at lines 9--16

 []

) (./verlet_8cpp.tex
Underfull \hbox (badness 10000) in paragraph at lines 9--10

 []

[47]
Underfull \vbox (badness 10000) detected at line 36
 []

)
No file refman.ind.
[48] (./refman.aux)

LaTeX Font Warning: Some font shapes were not available, defaults substituted.


LaTeX Warning: There were undefined references.


LaTeX Warning: Label(s) may have changed. Rerun to get cross-references right.

 ) 
Here is how much of TeX's memory you used:
 9302 strings out of 94500
 131850 string characters out of 1176766
 177870 words of memory out of 1000000
 11633 multiletter control sequences out of 10000+50000
 77097 words of font info for 120 fonts, out of 500000 for 2000
 580 hyphenation exceptions out of 1000
 41i,13n,68p,705b,445s stack positions out of 1500i,500n,5000p,200000b,5000s
PDF statistics:
 1115 PDF objects out of 300000
 558 named destinations out of 131072
 42 words of extra memory for PDF output out of 65536

! pdfTeX warning (dest): name{global_8h_a1bddccf9c11db3a1b009f05340f80af5} has 
been referenced but does not exist, replaced by a fixed one

! pdfTeX warning (dest): name{global_8h_ace035e9623578923df6ac4c5199dda15} has 
been referenced but does not exist, replaced by a fixed one

</usr/share/texmf/fonts/type1/urw/symbol/usyr.pfb></usr/share/texmf/fonts/type1
/urw/symbol/usyr.pfb></usr/share/texmf/fonts/type1/bluesky/cm/cmex10.pfb>{/usr/
share/texmf/fonts/enc/dvips/psnfss/8r.enc}</usr/share/texmf/fonts/type1/urw/tim
es/utmr8a.pfb></usr/share/texmf/fonts/type1/bluesky/cm/cmr10.pfb></usr/share/te
xmf/fonts/type1/urw/times/utmri8a.pfb></usr/share/texmf/fonts/type1/urw/helveti
c/uhvro8a.pfb></usr/share/texmf/fonts/type1/urw/helvetic/uhvbo8ac.pfb></usr/sha
re/texmf/fonts/type1/bluesky/cm/cmsy10.pfb></usr/share/texmf/fonts/type1/urw/co
urier/ucrr8a.pfb></usr/share/texmf/fonts/type1/bluesky/cm/cmmi10.pfb></usr/shar
e/texmf/fonts/type1/urw/helvetic/uhvb8a.pfb></usr/share/texmf/fonts/type1/urw/h
elvetic/uhvb8ac.pfb></usr/share/texmf/fonts/type1/urw/helvetic/uhvr8a.pfb>
Output written on refman.pdf (52 pages, 383370 bytes).
