\BOOKMARK [0][-]{chapter.1}{\376\377\000H\000i\000e\000r\000a\000r\000c\000h\000i\000c\000a\000l\000\040\000I\000n\000d\000e\000x}{}% 1
\BOOKMARK [1][-]{section.1.1}{\376\377\000C\000l\000a\000s\000s\000\040\000H\000i\000e\000r\000a\000r\000c\000h\000y}{chapter.1}% 2
\BOOKMARK [0][-]{chapter.2}{\376\377\000C\000l\000a\000s\000s\000\040\000I\000n\000d\000e\000x}{}% 3
\BOOKMARK [1][-]{section.2.1}{\376\377\000C\000l\000a\000s\000s\000\040\000L\000i\000s\000t}{chapter.2}% 4
\BOOKMARK [0][-]{chapter.3}{\376\377\000F\000i\000l\000e\000\040\000I\000n\000d\000e\000x}{}% 5
\BOOKMARK [1][-]{section.3.1}{\376\377\000F\000i\000l\000e\000\040\000L\000i\000s\000t}{chapter.3}% 6
\BOOKMARK [0][-]{chapter.4}{\376\377\000C\000l\000a\000s\000s\000\040\000D\000o\000c\000u\000m\000e\000n\000t\000a\000t\000i\000o\000n}{}% 7
\BOOKMARK [1][-]{section.4.1}{\376\377\000A\000n\000d\000e\000r\000s\000e\000n\000\040\000C\000l\000a\000s\000s\000\040\000R\000e\000f\000e\000r\000e\000n\000c\000e}{chapter.4}% 8
\BOOKMARK [2][-]{subsection.4.1.1}{\376\377\000D\000e\000t\000a\000i\000l\000e\000d\000\040\000D\000e\000s\000c\000r\000i\000p\000t\000i\000o\000n}{section.4.1}% 9
\BOOKMARK [2][-]{subsection.4.1.2}{\376\377\000C\000o\000n\000s\000t\000r\000u\000c\000t\000o\000r\000\040\000\046\000\040\000D\000e\000s\000t\000r\000u\000c\000t\000o\000r\000\040\000D\000o\000c\000u\000m\000e\000n\000t\000a\000t\000i\000o\000n}{section.4.1}% 10
\BOOKMARK [3][-]{subsubsection.4.1.2.1}{\376\377\000A\000n\000d\000e\000r\000s\000e\000n}{subsection.4.1.2}% 11
\BOOKMARK [2][-]{subsection.4.1.3}{\376\377\000M\000e\000m\000b\000e\000r\000\040\000F\000u\000n\000c\000t\000i\000o\000n\000\040\000D\000o\000c\000u\000m\000e\000n\000t\000a\000t\000i\000o\000n}{section.4.1}% 12
\BOOKMARK [3][-]{subsubsection.4.1.3.1}{\376\377\000s\000t\000e\000p}{subsection.4.1.3}% 13
\BOOKMARK [1][-]{section.4.2}{\376\377\000A\000t\000o\000m\000\040\000S\000t\000r\000u\000c\000t\000\040\000R\000e\000f\000e\000r\000e\000n\000c\000e}{chapter.4}% 14
\BOOKMARK [2][-]{subsection.4.2.1}{\376\377\000D\000e\000t\000a\000i\000l\000e\000d\000\040\000D\000e\000s\000c\000r\000i\000p\000t\000i\000o\000n}{section.4.2}% 15
\BOOKMARK [1][-]{section.4.3}{\376\377\000F\000e\000n\000e\000E\000x\000c\000e\000p\000t\000i\000o\000n\000\040\000C\000l\000a\000s\000s\000\040\000R\000e\000f\000e\000r\000e\000n\000c\000e}{chapter.4}% 16
\BOOKMARK [2][-]{subsection.4.3.1}{\376\377\000D\000e\000t\000a\000i\000l\000e\000d\000\040\000D\000e\000s\000c\000r\000i\000p\000t\000i\000o\000n}{section.4.3}% 17
\BOOKMARK [1][-]{section.4.4}{\376\377\000I\000n\000t\000e\000g\000r\000a\000t\000o\000r\000\040\000C\000l\000a\000s\000s\000\040\000R\000e\000f\000e\000r\000e\000n\000c\000e}{chapter.4}% 18
\BOOKMARK [2][-]{subsection.4.4.1}{\376\377\000D\000e\000t\000a\000i\000l\000e\000d\000\040\000D\000e\000s\000c\000r\000i\000p\000t\000i\000o\000n}{section.4.4}% 19
\BOOKMARK [1][-]{section.4.5}{\376\377\000I\000n\000t\000e\000r\000a\000c\000t\000i\000o\000n\000\040\000C\000l\000a\000s\000s\000\040\000R\000e\000f\000e\000r\000e\000n\000c\000e}{chapter.4}% 20
\BOOKMARK [2][-]{subsection.4.5.1}{\376\377\000D\000e\000t\000a\000i\000l\000e\000d\000\040\000D\000e\000s\000c\000r\000i\000p\000t\000i\000o\000n}{section.4.5}% 21
\BOOKMARK [1][-]{section.4.6}{\376\377\000S\000l\000j\000E\000x\000c\000e\000p\000t\000i\000o\000n\000\040\000C\000l\000a\000s\000s\000\040\000R\000e\000f\000e\000r\000e\000n\000c\000e}{chapter.4}% 22
\BOOKMARK [2][-]{subsection.4.6.1}{\376\377\000D\000e\000t\000a\000i\000l\000e\000d\000\040\000D\000e\000s\000c\000r\000i\000p\000t\000i\000o\000n}{section.4.6}% 23
\BOOKMARK [1][-]{section.4.7}{\376\377\000S\000y\000s\000t\000e\000m\000\040\000C\000l\000a\000s\000s\000\040\000R\000e\000f\000e\000r\000e\000n\000c\000e}{chapter.4}% 24
\BOOKMARK [2][-]{subsection.4.7.1}{\376\377\000C\000o\000n\000s\000t\000r\000u\000c\000t\000o\000r\000\040\000\046\000\040\000D\000e\000s\000t\000r\000u\000c\000t\000o\000r\000\040\000D\000o\000c\000u\000m\000e\000n\000t\000a\000t\000i\000o\000n}{section.4.7}% 25
\BOOKMARK [3][-]{subsubsection.4.7.1.1}{\376\377\000S\000y\000s\000t\000e\000m}{subsection.4.7.1}% 26
\BOOKMARK [2][-]{subsection.4.7.2}{\376\377\000M\000e\000m\000b\000e\000r\000\040\000F\000u\000n\000c\000t\000i\000o\000n\000\040\000D\000o\000c\000u\000m\000e\000n\000t\000a\000t\000i\000o\000n}{section.4.7}% 27
\BOOKMARK [3][-]{subsubsection.4.7.2.1}{\376\377\000a\000d\000d\000\137\000a\000t\000o\000m\000\137\000t\000y\000p\000e}{subsection.4.7.2}% 28
\BOOKMARK [3][-]{subsubsection.4.7.2.2}{\376\377\000a\000d\000d\000\137\000a\000t\000o\000m\000s}{subsection.4.7.2}% 29
\BOOKMARK [3][-]{subsubsection.4.7.2.3}{\376\377\000a\000d\000d\000\137\000a\000t\000o\000m\000s}{subsection.4.7.2}% 30
\BOOKMARK [3][-]{subsubsection.4.7.2.4}{\376\377\000a\000d\000d\000\137\000b\000o\000n\000d}{subsection.4.7.2}% 31
\BOOKMARK [3][-]{subsubsection.4.7.2.5}{\376\377\000a\000d\000d\000\137\000b\000o\000n\000d\000\137\000t\000y\000p\000e}{subsection.4.7.2}% 32
\BOOKMARK [3][-]{subsubsection.4.7.2.6}{\376\377\000a\000d\000d\000\137\000g\000h\000o\000s\000t\000\137\000a\000t\000o\000m\000s}{subsection.4.7.2}% 33
\BOOKMARK [3][-]{subsubsection.4.7.2.7}{\376\377\000a\000t\000o\000m\000\137\000n\000a\000m\000e}{subsection.4.7.2}% 34
\BOOKMARK [3][-]{subsubsection.4.7.2.8}{\376\377\000a\000t\000o\000m\000\137\000t\000y\000p\000e}{subsection.4.7.2}% 35
\BOOKMARK [3][-]{subsubsection.4.7.2.9}{\376\377\000b\000o\000n\000d\000\137\000n\000a\000m\000e}{subsection.4.7.2}% 36
\BOOKMARK [3][-]{subsubsection.4.7.2.10}{\376\377\000b\000o\000n\000d\000\137\000t\000y\000p\000e}{subsection.4.7.2}% 37
\BOOKMARK [3][-]{subsubsection.4.7.2.11}{\376\377\000c\000l\000e\000a\000r\000\137\000g\000h\000o\000s\000t\000\137\000a\000t\000o\000m\000s}{subsection.4.7.2}% 38
\BOOKMARK [3][-]{subsubsection.4.7.2.12}{\376\377\000d\000e\000l\000e\000t\000e\000\137\000a\000t\000o\000m\000s}{subsection.4.7.2}% 39
\BOOKMARK [3][-]{subsubsection.4.7.2.13}{\376\377\000g\000e\000n\000\137\000d\000o\000m\000a\000i\000n\000\137\000i\000n\000f\000o}{subsection.4.7.2}% 40
\BOOKMARK [1][-]{section.4.8}{\376\377\000V\000e\000r\000l\000e\000t\000\040\000C\000l\000a\000s\000s\000\040\000R\000e\000f\000e\000r\000e\000n\000c\000e}{chapter.4}% 41
\BOOKMARK [2][-]{subsection.4.8.1}{\376\377\000D\000e\000t\000a\000i\000l\000e\000d\000\040\000D\000e\000s\000c\000r\000i\000p\000t\000i\000o\000n}{section.4.8}% 42
\BOOKMARK [2][-]{subsection.4.8.2}{\376\377\000C\000o\000n\000s\000t\000r\000u\000c\000t\000o\000r\000\040\000\046\000\040\000D\000e\000s\000t\000r\000u\000c\000t\000o\000r\000\040\000D\000o\000c\000u\000m\000e\000n\000t\000a\000t\000i\000o\000n}{section.4.8}% 43
\BOOKMARK [3][-]{subsubsection.4.8.2.1}{\376\377\000V\000e\000r\000l\000e\000t}{subsection.4.8.2}% 44
\BOOKMARK [2][-]{subsection.4.8.3}{\376\377\000M\000e\000m\000b\000e\000r\000\040\000F\000u\000n\000c\000t\000i\000o\000n\000\040\000D\000o\000c\000u\000m\000e\000n\000t\000a\000t\000i\000o\000n}{section.4.8}% 45
\BOOKMARK [3][-]{subsubsection.4.8.3.1}{\376\377\000s\000t\000e\000p}{subsection.4.8.3}% 46
\BOOKMARK [0][-]{chapter.5}{\376\377\000F\000i\000l\000e\000\040\000D\000o\000c\000u\000m\000e\000n\000t\000a\000t\000i\000o\000n}{}% 47
\BOOKMARK [1][-]{section.5.1}{\376\377\000a\000n\000d\000e\000r\000s\000e\000n\000.\000c\000p\000p\000\040\000F\000i\000l\000e\000\040\000R\000e\000f\000e\000r\000e\000n\000c\000e}{chapter.5}% 48
\BOOKMARK [2][-]{subsection.5.1.1}{\376\377\000D\000e\000t\000a\000i\000l\000e\000d\000\040\000D\000e\000s\000c\000r\000i\000p\000t\000i\000o\000n}{section.5.1}% 49
\BOOKMARK [2][-]{subsection.5.1.2}{\376\377\000F\000u\000n\000c\000t\000i\000o\000n\000\040\000D\000o\000c\000u\000m\000e\000n\000t\000a\000t\000i\000o\000n}{section.5.1}% 50
\BOOKMARK [3][-]{subsubsection.5.1.2.1}{\376\377\000m\000a\000i\000n}{subsection.5.1.2}% 51
\BOOKMARK [1][-]{section.5.2}{\376\377\000a\000t\000o\000m\000.\000c\000p\000p\000\040\000F\000i\000l\000e\000\040\000R\000e\000f\000e\000r\000e\000n\000c\000e}{chapter.5}% 52
\BOOKMARK [2][-]{subsection.5.2.1}{\376\377\000D\000e\000t\000a\000i\000l\000e\000d\000\040\000D\000e\000s\000c\000r\000i\000p\000t\000i\000o\000n}{section.5.2}% 53
\BOOKMARK [2][-]{subsection.5.2.2}{\376\377\000F\000u\000n\000c\000t\000i\000o\000n\000\040\000D\000o\000c\000u\000m\000e\000n\000t\000a\000t\000i\000o\000n}{section.5.2}% 54
\BOOKMARK [3][-]{subsubsection.5.2.2.1}{\376\377\000c\000r\000e\000a\000t\000e\000\137\000M\000P\000I\000\137\000A\000T\000O\000M}{subsection.5.2.2}% 55
\BOOKMARK [3][-]{subsubsection.5.2.2.2}{\376\377\000d\000e\000l\000e\000t\000e\000\137\000M\000P\000I\000\137\000a\000t\000o\000m}{subsection.5.2.2}% 56
\BOOKMARK [1][-]{section.5.3}{\376\377\000a\000t\000o\000m\000.\000h\000\040\000F\000i\000l\000e\000\040\000R\000e\000f\000e\000r\000e\000n\000c\000e}{chapter.5}% 57
\BOOKMARK [2][-]{subsection.5.3.1}{\376\377\000D\000e\000t\000a\000i\000l\000e\000d\000\040\000D\000e\000s\000c\000r\000i\000p\000t\000i\000o\000n}{section.5.3}% 58
\BOOKMARK [2][-]{subsection.5.3.2}{\376\377\000F\000u\000n\000c\000t\000i\000o\000n\000\040\000D\000o\000c\000u\000m\000e\000n\000t\000a\000t\000i\000o\000n}{section.5.3}% 59
\BOOKMARK [3][-]{subsubsection.5.3.2.1}{\376\377\000c\000r\000e\000a\000t\000e\000\137\000M\000P\000I\000\137\000A\000T\000O\000M}{subsection.5.3.2}% 60
\BOOKMARK [3][-]{subsubsection.5.3.2.2}{\376\377\000d\000e\000l\000e\000t\000e\000\137\000M\000P\000I\000\137\000a\000t\000o\000m}{subsection.5.3.2}% 61
\BOOKMARK [1][-]{section.5.4}{\376\377\000C\000B\000E\000M\000D\000.\000h\000\040\000F\000i\000l\000e\000\040\000R\000e\000f\000e\000r\000e\000n\000c\000e}{chapter.5}% 62
\BOOKMARK [2][-]{subsection.5.4.1}{\376\377\000D\000e\000t\000a\000i\000l\000e\000d\000\040\000D\000e\000s\000c\000r\000i\000p\000t\000i\000o\000n}{section.5.4}% 63
\BOOKMARK [1][-]{section.5.5}{\376\377\000c\000o\000m\000m\000o\000n\000.\000h\000\040\000F\000i\000l\000e\000\040\000R\000e\000f\000e\000r\000e\000n\000c\000e}{chapter.5}% 64
\BOOKMARK [2][-]{subsection.5.5.1}{\376\377\000D\000e\000t\000a\000i\000l\000e\000d\000\040\000D\000e\000s\000c\000r\000i\000p\000t\000i\000o\000n}{section.5.5}% 65
\BOOKMARK [1][-]{section.5.6}{\376\377\000d\000o\000m\000a\000i\000n\000\137\000d\000e\000c\000o\000m\000p\000.\000c\000p\000p\000\040\000F\000i\000l\000e\000\040\000R\000e\000f\000e\000r\000e\000n\000c\000e}{chapter.5}% 66
\BOOKMARK [2][-]{subsection.5.6.1}{\376\377\000D\000e\000t\000a\000i\000l\000e\000d\000\040\000D\000e\000s\000c\000r\000i\000p\000t\000i\000o\000n}{section.5.6}% 67
\BOOKMARK [2][-]{subsection.5.6.2}{\376\377\000F\000u\000n\000c\000t\000i\000o\000n\000\040\000D\000o\000c\000u\000m\000e\000n\000t\000a\000t\000i\000o\000n}{section.5.6}% 68
\BOOKMARK [3][-]{subsubsection.5.6.2.1}{\376\377\000c\000o\000m\000m\000u\000n\000i\000c\000a\000t\000e\000\137\000s\000k\000i\000n\000\137\000a\000t\000o\000m\000s}{subsection.5.6.2}% 69
\BOOKMARK [3][-]{subsubsection.5.6.2.2}{\376\377\000f\000a\000c\000t\000o\000r\000i\000z\000e}{subsection.5.6.2}% 70
\BOOKMARK [3][-]{subsubsection.5.6.2.3}{\376\377\000g\000e\000n\000\137\000g\000o\000e\000s\000\137\000t\000o}{subsection.5.6.2}% 71
\BOOKMARK [3][-]{subsubsection.5.6.2.4}{\376\377\000g\000e\000n\000\137\000s\000e\000n\000d\000\137\000l\000i\000s\000t\000s}{subsection.5.6.2}% 72
\BOOKMARK [3][-]{subsubsection.5.6.2.5}{\376\377\000g\000e\000n\000\137\000s\000e\000n\000d\000\137\000t\000a\000b\000l\000e}{subsection.5.6.2}% 73
\BOOKMARK [3][-]{subsubsection.5.6.2.6}{\376\377\000g\000e\000n\000\137\000s\000e\000t\000s}{subsection.5.6.2}% 74
\BOOKMARK [3][-]{subsubsection.5.6.2.7}{\376\377\000g\000e\000t\000\137\000p\000r\000o\000c\000e\000s\000s\000o\000r}{subsection.5.6.2}% 75
\BOOKMARK [3][-]{subsubsection.5.6.2.8}{\376\377\000g\000e\000t\000\137\000p\000r\000o\000c\000e\000s\000s\000o\000r}{subsection.5.6.2}% 76
\BOOKMARK [3][-]{subsubsection.5.6.2.9}{\376\377\000g\000e\000t\000\137\000x\000y\000z\000\137\000i\000d\000s}{subsection.5.6.2}% 77
\BOOKMARK [3][-]{subsubsection.5.6.2.10}{\376\377\000i\000n\000i\000t\000\137\000d\000o\000m\000a\000i\000n\000\137\000d\000e\000c\000o\000m\000p}{subsection.5.6.2}% 78
\BOOKMARK [3][-]{subsubsection.5.6.2.11}{\376\377\000p\000o\000w\000e\000r}{subsection.5.6.2}% 79
\BOOKMARK [1][-]{section.5.7}{\376\377\000d\000o\000m\000a\000i\000n\000\137\000d\000e\000c\000o\000m\000p\000.\000h\000\040\000F\000i\000l\000e\000\040\000R\000e\000f\000e\000r\000e\000n\000c\000e}{chapter.5}% 80
\BOOKMARK [2][-]{subsection.5.7.1}{\376\377\000D\000e\000t\000a\000i\000l\000e\000d\000\040\000D\000e\000s\000c\000r\000i\000p\000t\000i\000o\000n}{section.5.7}% 81
\BOOKMARK [2][-]{subsection.5.7.2}{\376\377\000F\000u\000n\000c\000t\000i\000o\000n\000\040\000D\000o\000c\000u\000m\000e\000n\000t\000a\000t\000i\000o\000n}{section.5.7}% 82
\BOOKMARK [3][-]{subsubsection.5.7.2.1}{\376\377\000c\000o\000m\000m\000u\000n\000i\000c\000a\000t\000e\000\137\000s\000k\000i\000n\000\137\000a\000t\000o\000m\000s}{subsection.5.7.2}% 83
\BOOKMARK [3][-]{subsubsection.5.7.2.2}{\376\377\000f\000a\000c\000t\000o\000r\000i\000z\000e}{subsection.5.7.2}% 84
\BOOKMARK [3][-]{subsubsection.5.7.2.3}{\376\377\000g\000e\000n\000\137\000g\000o\000e\000s\000\137\000t\000o}{subsection.5.7.2}% 85
\BOOKMARK [3][-]{subsubsection.5.7.2.4}{\376\377\000g\000e\000n\000\137\000s\000e\000n\000d\000\137\000l\000i\000s\000t\000s}{subsection.5.7.2}% 86
\BOOKMARK [3][-]{subsubsection.5.7.2.5}{\376\377\000g\000e\000n\000\137\000s\000e\000n\000d\000\137\000t\000a\000b\000l\000e}{subsection.5.7.2}% 87
\BOOKMARK [3][-]{subsubsection.5.7.2.6}{\376\377\000g\000e\000n\000\137\000s\000e\000t\000s}{subsection.5.7.2}% 88
\BOOKMARK [3][-]{subsubsection.5.7.2.7}{\376\377\000g\000e\000t\000\137\000p\000r\000o\000c\000e\000s\000s\000o\000r}{subsection.5.7.2}% 89
\BOOKMARK [3][-]{subsubsection.5.7.2.8}{\376\377\000g\000e\000t\000\137\000x\000y\000z\000\137\000i\000d\000s}{subsection.5.7.2}% 90
\BOOKMARK [3][-]{subsubsection.5.7.2.9}{\376\377\000i\000n\000i\000t\000\137\000d\000o\000m\000a\000i\000n\000\137\000d\000e\000c\000o\000m\000p}{subsection.5.7.2}% 91
\BOOKMARK [3][-]{subsubsection.5.7.2.10}{\376\377\000p\000o\000w\000e\000r}{subsection.5.7.2}% 92
\BOOKMARK [1][-]{section.5.8}{\376\377\000f\000o\000r\000c\000e\000\137\000c\000a\000l\000c\000.\000c\000p\000p\000\040\000F\000i\000l\000e\000\040\000R\000e\000f\000e\000r\000e\000n\000c\000e}{chapter.5}% 93
\BOOKMARK [2][-]{subsection.5.8.1}{\376\377\000D\000e\000t\000a\000i\000l\000e\000d\000\040\000D\000e\000s\000c\000r\000i\000p\000t\000i\000o\000n}{section.5.8}% 94
\BOOKMARK [2][-]{subsection.5.8.2}{\376\377\000F\000u\000n\000c\000t\000i\000o\000n\000\040\000D\000o\000c\000u\000m\000e\000n\000t\000a\000t\000i\000o\000n}{section.5.8}% 95
\BOOKMARK [3][-]{subsubsection.5.8.2.1}{\376\377\000f\000o\000r\000c\000e\000\137\000c\000a\000l\000c}{subsection.5.8.2}% 96
\BOOKMARK [3][-]{subsubsection.5.8.2.2}{\376\377\000s\000e\000n\000d\000\137\000a\000t\000o\000m\000s}{subsection.5.8.2}% 97
\BOOKMARK [1][-]{section.5.9}{\376\377\000f\000o\000r\000c\000e\000\137\000c\000a\000l\000c\000.\000h\000\040\000F\000i\000l\000e\000\040\000R\000e\000f\000e\000r\000e\000n\000c\000e}{chapter.5}% 98
\BOOKMARK [2][-]{subsection.5.9.1}{\376\377\000D\000e\000t\000a\000i\000l\000e\000d\000\040\000D\000e\000s\000c\000r\000i\000p\000t\000i\000o\000n}{section.5.9}% 99
\BOOKMARK [2][-]{subsection.5.9.2}{\376\377\000F\000u\000n\000c\000t\000i\000o\000n\000\040\000D\000o\000c\000u\000m\000e\000n\000t\000a\000t\000i\000o\000n}{section.5.9}% 100
\BOOKMARK [3][-]{subsubsection.5.9.2.1}{\376\377\000f\000o\000r\000c\000e\000\137\000c\000a\000l\000c}{subsection.5.9.2}% 101
\BOOKMARK [3][-]{subsubsection.5.9.2.2}{\376\377\000s\000e\000n\000d\000\137\000a\000t\000o\000m\000s}{subsection.5.9.2}% 102
\BOOKMARK [1][-]{section.5.10}{\376\377\000g\000l\000o\000b\000a\000l\000.\000h\000\040\000F\000i\000l\000e\000\040\000R\000e\000f\000e\000r\000e\000n\000c\000e}{chapter.5}% 103
\BOOKMARK [2][-]{subsection.5.10.1}{\376\377\000D\000e\000t\000a\000i\000l\000e\000d\000\040\000D\000e\000s\000c\000r\000i\000p\000t\000i\000o\000n}{section.5.10}% 104
\BOOKMARK [1][-]{section.5.11}{\376\377\000i\000n\000i\000t\000i\000a\000l\000i\000z\000e\000.\000c\000p\000p\000\040\000F\000i\000l\000e\000\040\000R\000e\000f\000e\000r\000e\000n\000c\000e}{chapter.5}% 105
\BOOKMARK [2][-]{subsection.5.11.1}{\376\377\000D\000e\000t\000a\000i\000l\000e\000d\000\040\000D\000e\000s\000c\000r\000i\000p\000t\000i\000o\000n}{section.5.11}% 106
\BOOKMARK [2][-]{subsection.5.11.2}{\376\377\000F\000u\000n\000c\000t\000i\000o\000n\000\040\000D\000o\000c\000u\000m\000e\000n\000t\000a\000t\000i\000o\000n}{section.5.11}% 107
\BOOKMARK [3][-]{subsubsection.5.11.2.1}{\376\377\000a\000b\000o\000r\000t\000\137\000m\000p\000i}{subsection.5.11.2}% 108
\BOOKMARK [3][-]{subsubsection.5.11.2.2}{\376\377\000e\000n\000d\000\137\000m\000p\000i}{subsection.5.11.2}% 109
\BOOKMARK [3][-]{subsubsection.5.11.2.3}{\376\377\000i\000n\000i\000t\000i\000a\000l\000i\000z\000e\000\137\000f\000r\000o\000m\000\137\000f\000i\000l\000e\000s}{subsection.5.11.2}% 110
\BOOKMARK [3][-]{subsubsection.5.11.2.4}{\376\377\000s\000t\000a\000r\000t\000\137\000m\000p\000i}{subsection.5.11.2}% 111
\BOOKMARK [1][-]{section.5.12}{\376\377\000i\000n\000t\000e\000g\000r\000a\000t\000o\000r\000.\000c\000p\000p\000\040\000F\000i\000l\000e\000\040\000R\000e\000f\000e\000r\000e\000n\000c\000e}{chapter.5}% 112
\BOOKMARK [2][-]{subsection.5.12.1}{\376\377\000D\000e\000t\000a\000i\000l\000e\000d\000\040\000D\000e\000s\000c\000r\000i\000p\000t\000i\000o\000n}{section.5.12}% 113
\BOOKMARK [2][-]{subsection.5.12.2}{\376\377\000F\000u\000n\000c\000t\000i\000o\000n\000\040\000D\000o\000c\000u\000m\000e\000n\000t\000a\000t\000i\000o\000n}{section.5.12}% 114
\BOOKMARK [3][-]{subsubsection.5.12.2.1}{\376\377\000r\000u\000n}{subsection.5.12.2}% 115
\BOOKMARK [1][-]{section.5.13}{\376\377\000i\000n\000t\000e\000g\000r\000a\000t\000o\000r\000.\000h\000\040\000F\000i\000l\000e\000\040\000R\000e\000f\000e\000r\000e\000n\000c\000e}{chapter.5}% 116
\BOOKMARK [2][-]{subsection.5.13.1}{\376\377\000D\000e\000t\000a\000i\000l\000e\000d\000\040\000D\000e\000s\000c\000r\000i\000p\000t\000i\000o\000n}{section.5.13}% 117
\BOOKMARK [2][-]{subsection.5.13.2}{\376\377\000F\000u\000n\000c\000t\000i\000o\000n\000\040\000D\000o\000c\000u\000m\000e\000n\000t\000a\000t\000i\000o\000n}{section.5.13}% 118
\BOOKMARK [3][-]{subsubsection.5.13.2.1}{\376\377\000r\000u\000n}{subsection.5.13.2}% 119
\BOOKMARK [1][-]{section.5.14}{\376\377\000i\000n\000t\000e\000r\000a\000c\000t\000i\000o\000n\000.\000c\000p\000p\000\040\000F\000i\000l\000e\000\040\000R\000e\000f\000e\000r\000e\000n\000c\000e}{chapter.5}% 120
\BOOKMARK [2][-]{subsection.5.14.1}{\376\377\000D\000e\000t\000a\000i\000l\000e\000d\000\040\000D\000e\000s\000c\000r\000i\000p\000t\000i\000o\000n}{section.5.14}% 121
\BOOKMARK [2][-]{subsection.5.14.2}{\376\377\000F\000u\000n\000c\000t\000i\000o\000n\000\040\000D\000o\000c\000u\000m\000e\000n\000t\000a\000t\000i\000o\000n}{section.5.14}% 122
\BOOKMARK [3][-]{subsubsection.5.14.2.1}{\376\377\000f\000e\000n\000e}{subsection.5.14.2}% 123
\BOOKMARK [3][-]{subsubsection.5.14.2.2}{\376\377\000h\000a\000r\000m\000o\000n\000i\000c}{subsection.5.14.2}% 124
\BOOKMARK [3][-]{subsubsection.5.14.2.3}{\376\377\000s\000l\000j}{subsection.5.14.2}% 125
\BOOKMARK [1][-]{section.5.15}{\376\377\000i\000n\000t\000e\000r\000a\000c\000t\000i\000o\000n\000.\000h\000\040\000F\000i\000l\000e\000\040\000R\000e\000f\000e\000r\000e\000n\000c\000e}{chapter.5}% 126
\BOOKMARK [2][-]{subsection.5.15.1}{\376\377\000D\000e\000t\000a\000i\000l\000e\000d\000\040\000D\000e\000s\000c\000r\000i\000p\000t\000i\000o\000n}{section.5.15}% 127
\BOOKMARK [2][-]{subsection.5.15.2}{\376\377\000F\000u\000n\000c\000t\000i\000o\000n\000\040\000D\000o\000c\000u\000m\000e\000n\000t\000a\000t\000i\000o\000n}{section.5.15}% 128
\BOOKMARK [3][-]{subsubsection.5.15.2.1}{\376\377\000f\000e\000n\000e}{subsection.5.15.2}% 129
\BOOKMARK [3][-]{subsubsection.5.15.2.2}{\376\377\000h\000a\000r\000m\000o\000n\000i\000c}{subsection.5.15.2}% 130
\BOOKMARK [3][-]{subsubsection.5.15.2.3}{\376\377\000s\000l\000j}{subsection.5.15.2}% 131
\BOOKMARK [1][-]{section.5.16}{\376\377\000m\000i\000s\000c\000.\000c\000p\000p\000\040\000F\000i\000l\000e\000\040\000R\000e\000f\000e\000r\000e\000n\000c\000e}{chapter.5}% 132
\BOOKMARK [2][-]{subsection.5.16.1}{\376\377\000D\000e\000t\000a\000i\000l\000e\000d\000\040\000D\000e\000s\000c\000r\000i\000p\000t\000i\000o\000n}{section.5.16}% 133
\BOOKMARK [2][-]{subsection.5.16.2}{\376\377\000F\000u\000n\000c\000t\000i\000o\000n\000\040\000D\000o\000c\000u\000m\000e\000n\000t\000a\000t\000i\000o\000n}{section.5.16}% 134
\BOOKMARK [3][-]{subsubsection.5.16.2.1}{\376\377\000f\000l\000a\000g\000\137\000e\000r\000r\000o\000r}{subsection.5.16.2}% 135
\BOOKMARK [3][-]{subsubsection.5.16.2.2}{\376\377\000f\000l\000a\000g\000\137\000n\000o\000t\000i\000f\000y}{subsection.5.16.2}% 136
\BOOKMARK [3][-]{subsubsection.5.16.2.3}{\376\377\000m\000f\000o\000p\000e\000n}{subsection.5.16.2}% 137
\BOOKMARK [3][-]{subsubsection.5.16.2.4}{\376\377\000m\000i\000n\000\137\000i\000m\000a\000g\000e\000\137\000d\000i\000s\000t\0002}{subsection.5.16.2}% 138
\BOOKMARK [3][-]{subsubsection.5.16.2.5}{\376\377\000m\000i\000n\000\137\000i\000m\000a\000g\000e\000\137\000d\000i\000s\000t\0002}{subsection.5.16.2}% 139
\BOOKMARK [3][-]{subsubsection.5.16.2.6}{\376\377\000p\000b\000c}{subsection.5.16.2}% 140
\BOOKMARK [3][-]{subsubsection.5.16.2.7}{\376\377\000p\000b\000c}{subsection.5.16.2}% 141
\BOOKMARK [3][-]{subsubsection.5.16.2.8}{\376\377\000u\000n\000i\000f\000R\000a\000n\000d}{subsection.5.16.2}% 142
\BOOKMARK [1][-]{section.5.17}{\376\377\000m\000i\000s\000c\000.\000h\000\040\000F\000i\000l\000e\000\040\000R\000e\000f\000e\000r\000e\000n\000c\000e}{chapter.5}% 143
\BOOKMARK [2][-]{subsection.5.17.1}{\376\377\000D\000e\000t\000a\000i\000l\000e\000d\000\040\000D\000e\000s\000c\000r\000i\000p\000t\000i\000o\000n}{section.5.17}% 144
\BOOKMARK [2][-]{subsection.5.17.2}{\376\377\000F\000u\000n\000c\000t\000i\000o\000n\000\040\000D\000o\000c\000u\000m\000e\000n\000t\000a\000t\000i\000o\000n}{section.5.17}% 145
\BOOKMARK [3][-]{subsubsection.5.17.2.1}{\376\377\000f\000l\000a\000g\000\137\000e\000r\000r\000o\000r}{subsection.5.17.2}% 146
\BOOKMARK [3][-]{subsubsection.5.17.2.2}{\376\377\000f\000l\000a\000g\000\137\000n\000o\000t\000i\000f\000y}{subsection.5.17.2}% 147
\BOOKMARK [3][-]{subsubsection.5.17.2.3}{\376\377\000m\000f\000o\000p\000e\000n}{subsection.5.17.2}% 148
\BOOKMARK [3][-]{subsubsection.5.17.2.4}{\376\377\000m\000i\000n\000\137\000i\000m\000a\000g\000e\000\137\000d\000i\000s\000t\0002}{subsection.5.17.2}% 149
\BOOKMARK [3][-]{subsubsection.5.17.2.5}{\376\377\000m\000i\000n\000\137\000i\000m\000a\000g\000e\000\137\000d\000i\000s\000t\0002}{subsection.5.17.2}% 150
\BOOKMARK [3][-]{subsubsection.5.17.2.6}{\376\377\000p\000b\000c}{subsection.5.17.2}% 151
\BOOKMARK [3][-]{subsubsection.5.17.2.7}{\376\377\000p\000b\000c}{subsection.5.17.2}% 152
\BOOKMARK [3][-]{subsubsection.5.17.2.8}{\376\377\000u\000n\000i\000f\000R\000a\000n\000d}{subsection.5.17.2}% 153
\BOOKMARK [1][-]{section.5.18}{\376\377\000m\000p\000i\000a\000t\000o\000m\000.\000h\000\040\000F\000i\000l\000e\000\040\000R\000e\000f\000e\000r\000e\000n\000c\000e}{chapter.5}% 154
\BOOKMARK [2][-]{subsection.5.18.1}{\376\377\000D\000e\000t\000a\000i\000l\000e\000d\000\040\000D\000e\000s\000c\000r\000i\000p\000t\000i\000o\000n}{section.5.18}% 155
\BOOKMARK [1][-]{section.5.19}{\376\377\000r\000e\000a\000d\000\137\000i\000n\000t\000e\000r\000a\000c\000t\000i\000o\000n\000.\000c\000p\000p\000\040\000F\000i\000l\000e\000\040\000R\000e\000f\000e\000r\000e\000n\000c\000e}{chapter.5}% 156
\BOOKMARK [2][-]{subsection.5.19.1}{\376\377\000D\000e\000t\000a\000i\000l\000e\000d\000\040\000D\000e\000s\000c\000r\000i\000p\000t\000i\000o\000n}{section.5.19}% 157
\BOOKMARK [2][-]{subsection.5.19.2}{\376\377\000F\000u\000n\000c\000t\000i\000o\000n\000\040\000D\000o\000c\000u\000m\000e\000n\000t\000a\000t\000i\000o\000n}{section.5.19}% 158
\BOOKMARK [3][-]{subsubsection.5.19.2.1}{\376\377\000g\000e\000t\000\137\000f\000n}{subsection.5.19.2}% 159
\BOOKMARK [3][-]{subsubsection.5.19.2.2}{\376\377\000r\000e\000a\000d\000\137\000i\000n\000t\000e\000r\000a\000c\000t\000i\000o\000n\000s}{subsection.5.19.2}% 160
\BOOKMARK [1][-]{section.5.20}{\376\377\000r\000e\000a\000d\000\137\000i\000n\000t\000e\000r\000a\000c\000t\000i\000o\000n\000.\000h\000\040\000F\000i\000l\000e\000\040\000R\000e\000f\000e\000r\000e\000n\000c\000e}{chapter.5}% 161
\BOOKMARK [2][-]{subsection.5.20.1}{\376\377\000D\000e\000t\000a\000i\000l\000e\000d\000\040\000D\000e\000s\000c\000r\000i\000p\000t\000i\000o\000n}{section.5.20}% 162
\BOOKMARK [2][-]{subsection.5.20.2}{\376\377\000F\000u\000n\000c\000t\000i\000o\000n\000\040\000D\000o\000c\000u\000m\000e\000n\000t\000a\000t\000i\000o\000n}{section.5.20}% 163
\BOOKMARK [3][-]{subsubsection.5.20.2.1}{\376\377\000g\000e\000t\000\137\000f\000n}{subsection.5.20.2}% 164
\BOOKMARK [3][-]{subsubsection.5.20.2.2}{\376\377\000r\000e\000a\000d\000\137\000i\000n\000t\000e\000r\000a\000c\000t\000i\000o\000n\000s}{subsection.5.20.2}% 165
\BOOKMARK [1][-]{section.5.21}{\376\377\000r\000e\000a\000d\000\137\000x\000m\000l\000.\000c\000p\000p\000\040\000F\000i\000l\000e\000\040\000R\000e\000f\000e\000r\000e\000n\000c\000e}{chapter.5}% 166
\BOOKMARK [2][-]{subsection.5.21.1}{\376\377\000D\000e\000t\000a\000i\000l\000e\000d\000\040\000D\000e\000s\000c\000r\000i\000p\000t\000i\000o\000n}{section.5.21}% 167
\BOOKMARK [2][-]{subsection.5.21.2}{\376\377\000F\000u\000n\000c\000t\000i\000o\000n\000\040\000D\000o\000c\000u\000m\000e\000n\000t\000a\000t\000i\000o\000n}{section.5.21}% 168
\BOOKMARK [3][-]{subsubsection.5.21.2.1}{\376\377\000p\000r\000i\000n\000t\000\137\000x\000m\000l}{subsection.5.21.2}% 169
\BOOKMARK [3][-]{subsubsection.5.21.2.2}{\376\377\000r\000e\000a\000d\000\137\000x\000m\000l}{subsection.5.21.2}% 170
\BOOKMARK [3][-]{subsubsection.5.21.2.3}{\376\377\000w\000r\000i\000t\000e\000\137\000x\000y\000z}{subsection.5.21.2}% 171
\BOOKMARK [1][-]{section.5.22}{\376\377\000r\000e\000a\000d\000\137\000x\000m\000l\000.\000h\000\040\000F\000i\000l\000e\000\040\000R\000e\000f\000e\000r\000e\000n\000c\000e}{chapter.5}% 172
\BOOKMARK [2][-]{subsection.5.22.1}{\376\377\000D\000e\000t\000a\000i\000l\000e\000d\000\040\000D\000e\000s\000c\000r\000i\000p\000t\000i\000o\000n}{section.5.22}% 173
\BOOKMARK [2][-]{subsection.5.22.2}{\376\377\000F\000u\000n\000c\000t\000i\000o\000n\000\040\000D\000o\000c\000u\000m\000e\000n\000t\000a\000t\000i\000o\000n}{section.5.22}% 174
\BOOKMARK [3][-]{subsubsection.5.22.2.1}{\376\377\000p\000r\000i\000n\000t\000\137\000x\000m\000l}{subsection.5.22.2}% 175
\BOOKMARK [3][-]{subsubsection.5.22.2.2}{\376\377\000r\000e\000a\000d\000\137\000x\000m\000l}{subsection.5.22.2}% 176
\BOOKMARK [3][-]{subsubsection.5.22.2.3}{\376\377\000w\000r\000i\000t\000e\000\137\000x\000y\000z}{subsection.5.22.2}% 177
\BOOKMARK [1][-]{section.5.23}{\376\377\000s\000y\000s\000t\000e\000m\000.\000c\000p\000p\000\040\000F\000i\000l\000e\000\040\000R\000e\000f\000e\000r\000e\000n\000c\000e}{chapter.5}% 178
\BOOKMARK [2][-]{subsection.5.23.1}{\376\377\000D\000e\000t\000a\000i\000l\000e\000d\000\040\000D\000e\000s\000c\000r\000i\000p\000t\000i\000o\000n}{section.5.23}% 179
\BOOKMARK [1][-]{section.5.24}{\376\377\000s\000y\000s\000t\000e\000m\000.\000h\000\040\000F\000i\000l\000e\000\040\000R\000e\000f\000e\000r\000e\000n\000c\000e}{chapter.5}% 180
\BOOKMARK [2][-]{subsection.5.24.1}{\376\377\000D\000e\000t\000a\000i\000l\000e\000d\000\040\000D\000e\000s\000c\000r\000i\000p\000t\000i\000o\000n}{section.5.24}% 181
\BOOKMARK [1][-]{section.5.25}{\376\377\000v\000e\000r\000l\000e\000t\000.\000c\000p\000p\000\040\000F\000i\000l\000e\000\040\000R\000e\000f\000e\000r\000e\000n\000c\000e}{chapter.5}% 182
\BOOKMARK [2][-]{subsection.5.25.1}{\376\377\000D\000e\000t\000a\000i\000l\000e\000d\000\040\000D\000e\000s\000c\000r\000i\000p\000t\000i\000o\000n}{section.5.25}% 183
\BOOKMARK [2][-]{subsection.5.25.2}{\376\377\000F\000u\000n\000c\000t\000i\000o\000n\000\040\000D\000o\000c\000u\000m\000e\000n\000t\000a\000t\000i\000o\000n}{section.5.25}% 184
\BOOKMARK [3][-]{subsubsection.5.25.2.1}{\376\377\000m\000a\000i\000n}{subsection.5.25.2}% 185
\BOOKMARK [-1][-]{table.5.63}{\376\377\000I\000n\000d\000e\000x}{}% 186
